<?xml version="1.0" encoding="UTF-8"?>
<robot generator="Robot 5.0.1 (Python 3.8.8 on win32)" generated="20220614 21:05:35.129" rpa="false" schemaversion="3">
<suite id="s1" name="MPST01-03" source="E:\PycharmProjects\ST_Money_Plus\Tests\MPST01-03\MPST01-03.robot">
<test id="s1-t1" name="MPST01_03_02" line="180">
<kw name="Open Money Plus" library="Keywords" type="SETUP">
<msg timestamp="20220614 21:05:35.397" level="TRACE">Arguments: [  ]</msg>
<kw name="Open Application" library="AppiumLibrary">
<arg>http://localhost:4723/wd/hub</arg>
<arg>platformName=Android</arg>
<arg>deviceName=emulator-5554</arg>
<arg>appPackage=com.zotiger.accountbook</arg>
<arg>appActivity=com.zotiger.accountbook.MainActivity</arg>
<arg>automationName=Uiautomator2</arg>
<doc>Opens a new application to given Appium server.
Capabilities of appium server, Android and iOS,
Please check https://github.com/appium/appium/blob/master/docs/en/writing-running-appium/server-args.md
| *Option*            | *Man.* | *Description*     |
| remote_url          | Yes    | Appium server url |
| alias               | no     | alias             |</doc>
<msg timestamp="20220614 21:05:35.397" level="TRACE">Arguments: [ 'http://localhost:4723/wd/hub' | platformName='Android' | deviceName='emulator-5554' | appPackage='com.zotiger.accountbook' | appActivity='com.zotiger.accountbook.MainActivity' | automationName='Uiautomator2' ]</msg>
<msg timestamp="20220614 21:05:37.443" level="DEBUG">POST http://127.0.0.1:4723/wd/hub/session {"capabilities": {"firstMatch": [{"platformName": "Android", "appium:deviceName": "emulator-5554", "appium:appPackage": "com.zotiger.accountbook", "appium:appActivity": "com.zotiger.accountbook.MainActivity", "appium:automationName": "Uiautomator2"}]}, "desiredCapabilities": {"platformName": "Android", "deviceName": "emulator-5554", "appPackage": "com.zotiger.accountbook", "appActivity": "com.zotiger.accountbook.MainActivity", "automationName": "Uiautomator2"}}</msg>
<msg timestamp="20220614 21:05:37.445" level="DEBUG">Starting new HTTP connection (1): 127.0.0.1:4723</msg>
<msg timestamp="20220614 21:05:46.422" level="DEBUG">http://127.0.0.1:4723 "POST /wd/hub/session HTTP/1.1" 200 936</msg>
<msg timestamp="20220614 21:05:46.423" level="DEBUG">Finished Request</msg>
<msg timestamp="20220614 21:05:46.429" level="DEBUG">Opened application with session id 21de3e94-b851-4c86-a81c-3dec6fbb4cef</msg>
<msg timestamp="20220614 21:05:46.429" level="TRACE">Return: 1</msg>
<status status="PASS" starttime="20220614 21:05:35.397" endtime="20220614 21:05:46.429"/>
</kw>
<kw name="Wait Until Element Is Visible" library="AppiumLibrary">
<arg>${EDIT-ICON}</arg>
<doc>Waits until element specified with `locator` is visible.</doc>
<msg timestamp="20220614 21:05:46.431" level="TRACE">Arguments: [ '//android.view.View[@content-desc="默認帳本"]/../following-sibling::android.widget.ImageView' ]</msg>
<msg timestamp="20220614 21:05:46.431" level="DEBUG">POST http://127.0.0.1:4723/wd/hub/session/21de3e94-b851-4c86-a81c-3dec6fbb4cef/elements {"using": "xpath", "value": "//android.view.View[@content-desc=\"\u9ed8\u8a8d\u5e33\u672c\"]/../following-sibling::android.widget.ImageView"}</msg>
<msg timestamp="20220614 21:05:47.028" level="DEBUG">http://127.0.0.1:4723 "POST /wd/hub/session/21de3e94-b851-4c86-a81c-3dec6fbb4cef/elements HTTP/1.1" 200 12</msg>
<msg timestamp="20220614 21:05:47.028" level="DEBUG">Finished Request</msg>
<msg timestamp="20220614 21:05:47.242" level="DEBUG">POST http://127.0.0.1:4723/wd/hub/session/21de3e94-b851-4c86-a81c-3dec6fbb4cef/elements {"using": "xpath", "value": "//android.view.View[@content-desc=\"\u9ed8\u8a8d\u5e33\u672c\"]/../following-sibling::android.widget.ImageView"}</msg>
<msg timestamp="20220614 21:05:47.292" level="DEBUG">http://127.0.0.1:4723 "POST /wd/hub/session/21de3e94-b851-4c86-a81c-3dec6fbb4cef/elements HTTP/1.1" 200 12</msg>
<msg timestamp="20220614 21:05:47.292" level="DEBUG">Finished Request</msg>
<msg timestamp="20220614 21:05:47.506" level="DEBUG">POST http://127.0.0.1:4723/wd/hub/session/21de3e94-b851-4c86-a81c-3dec6fbb4cef/elements {"using": "xpath", "value": "//android.view.View[@content-desc=\"\u9ed8\u8a8d\u5e33\u672c\"]/../following-sibling::android.widget.ImageView"}</msg>
<msg timestamp="20220614 21:05:47.569" level="DEBUG">http://127.0.0.1:4723 "POST /wd/hub/session/21de3e94-b851-4c86-a81c-3dec6fbb4cef/elements HTTP/1.1" 200 12</msg>
<msg timestamp="20220614 21:05:47.569" level="DEBUG">Finished Request</msg>
<msg timestamp="20220614 21:05:47.782" level="DEBUG">POST http://127.0.0.1:4723/wd/hub/session/21de3e94-b851-4c86-a81c-3dec6fbb4cef/elements {"using": "xpath", "value": "//android.view.View[@content-desc=\"\u9ed8\u8a8d\u5e33\u672c\"]/../following-sibling::android.widget.ImageView"}</msg>
<msg timestamp="20220614 21:05:47.827" level="DEBUG">http://127.0.0.1:4723 "POST /wd/hub/session/21de3e94-b851-4c86-a81c-3dec6fbb4cef/elements HTTP/1.1" 200 12</msg>
<msg timestamp="20220614 21:05:47.827" level="DEBUG">Finished Request</msg>
<msg timestamp="20220614 21:05:48.030" level="DEBUG">POST http://127.0.0.1:4723/wd/hub/session/21de3e94-b851-4c86-a81c-3dec6fbb4cef/elements {"using": "xpath", "value": "//android.view.View[@content-desc=\"\u9ed8\u8a8d\u5e33\u672c\"]/../following-sibling::android.widget.ImageView"}</msg>
<msg timestamp="20220614 21:05:48.083" level="DEBUG">http://127.0.0.1:4723 "POST /wd/hub/session/21de3e94-b851-4c86-a81c-3dec6fbb4cef/elements HTTP/1.1" 200 12</msg>
<msg timestamp="20220614 21:05:48.083" level="DEBUG">Finished Request</msg>
<msg timestamp="20220614 21:05:48.291" level="DEBUG">POST http://127.0.0.1:4723/wd/hub/session/21de3e94-b851-4c86-a81c-3dec6fbb4cef/elements {"using": "xpath", "value": "//android.view.View[@content-desc=\"\u9ed8\u8a8d\u5e33\u672c\"]/../following-sibling::android.widget.ImageView"}</msg>
<msg timestamp="20220614 21:05:48.324" level="DEBUG">http://127.0.0.1:4723 "POST /wd/hub/session/21de3e94-b851-4c86-a81c-3dec6fbb4cef/elements HTTP/1.1" 200 12</msg>
<msg timestamp="20220614 21:05:48.325" level="DEBUG">Finished Request</msg>
<msg timestamp="20220614 21:05:48.538" level="DEBUG">POST http://127.0.0.1:4723/wd/hub/session/21de3e94-b851-4c86-a81c-3dec6fbb4cef/elements {"using": "xpath", "value": "//android.view.View[@content-desc=\"\u9ed8\u8a8d\u5e33\u672c\"]/../following-sibling::android.widget.ImageView"}</msg>
<msg timestamp="20220614 21:05:48.594" level="DEBUG">http://127.0.0.1:4723 "POST /wd/hub/session/21de3e94-b851-4c86-a81c-3dec6fbb4cef/elements HTTP/1.1" 200 12</msg>
<msg timestamp="20220614 21:05:48.594" level="DEBUG">Finished Request</msg>
<msg timestamp="20220614 21:05:48.803" level="DEBUG">POST http://127.0.0.1:4723/wd/hub/session/21de3e94-b851-4c86-a81c-3dec6fbb4cef/elements {"using": "xpath", "value": "//android.view.View[@content-desc=\"\u9ed8\u8a8d\u5e33\u672c\"]/../following-sibling::android.widget.ImageView"}</msg>
<msg timestamp="20220614 21:05:50.541" level="DEBUG">http://127.0.0.1:4723 "POST /wd/hub/session/21de3e94-b851-4c86-a81c-3dec6fbb4cef/elements HTTP/1.1" 200 139</msg>
<msg timestamp="20220614 21:05:50.541" level="DEBUG">Finished Request</msg>
<msg timestamp="20220614 21:05:50.541" level="DEBUG">GET http://127.0.0.1:4723/wd/hub/session/21de3e94-b851-4c86-a81c-3dec6fbb4cef/element/00000000-0000-00aa-0000-001b00000007/displayed {"id": "00000000-0000-00aa-0000-001b00000007"}</msg>
<msg timestamp="20220614 21:05:50.576" level="DEBUG">http://127.0.0.1:4723 "GET /wd/hub/session/21de3e94-b851-4c86-a81c-3dec6fbb4cef/element/00000000-0000-00aa-0000-001b00000007/displayed HTTP/1.1" 200 14</msg>
<msg timestamp="20220614 21:05:50.577" level="DEBUG">Finished Request</msg>
<msg timestamp="20220614 21:05:50.577" level="TRACE">Return: None</msg>
<status status="PASS" starttime="20220614 21:05:46.429" endtime="20220614 21:05:50.577"/>
</kw>
<msg timestamp="20220614 21:05:50.577" level="TRACE">Return: None</msg>
<status status="PASS" starttime="20220614 21:05:35.396" endtime="20220614 21:05:50.577"/>
</kw>
<kw name="Add New Expense For 900 Dollars By Myself">
<arg>@{ExpenseCategory}</arg>
<msg timestamp="20220614 21:05:50.578" level="TRACE">Arguments: [ @{catogory}=['飲食',
 '日用',
 '交通',
 '社交',
 '住房物業',
 '禮物',
 '通信',
 '服飾',
 '娛樂',
 '美容',
 '醫療',
 '稅金',
 '教育',
 '寶寶',
 '寵物',
 '旅行'] ]</msg>
<for flavor="IN ENUMERATE">
<var>${index}</var>
<var>${item}</var>
<value>@{catogory}</value>
<iter>
<var name="${index}">0</var>
<var name="${item}">飲食</var>
<kw name="Set Variable" library="BuiltIn">
<var>${SelectedCatogory}</var>
<arg>//android.widget.ImageView[contains(@content-desc,'${item}')]</arg>
<doc>Returns the given values which can then be assigned to a variables.</doc>
<msg timestamp="20220614 21:05:50.579" level="TRACE">Arguments: [ "//android.widget.ImageView[contains(@content-desc,'飲食')]" ]</msg>
<msg timestamp="20220614 21:05:50.579" level="TRACE">Return: "//android.widget.ImageView[contains(@content-desc,'飲食')]"</msg>
<msg timestamp="20220614 21:05:50.579" level="INFO">${SelectedCatogory} = //android.widget.ImageView[contains(@content-desc,'飲食')]</msg>
<status status="PASS" starttime="20220614 21:05:50.579" endtime="20220614 21:05:50.579"/>
</kw>
<kw name="Wait Until Element Is Visible" library="AppiumLibrary">
<arg>${EDIT-ICON}</arg>
<doc>Waits until element specified with `locator` is visible.</doc>
<msg timestamp="20220614 21:05:50.580" level="TRACE">Arguments: [ '//android.view.View[@content-desc="默認帳本"]/../following-sibling::android.widget.ImageView' ]</msg>
<msg timestamp="20220614 21:05:50.580" level="DEBUG">POST http://127.0.0.1:4723/wd/hub/session/21de3e94-b851-4c86-a81c-3dec6fbb4cef/elements {"using": "xpath", "value": "//android.view.View[@content-desc=\"\u9ed8\u8a8d\u5e33\u672c\"]/../following-sibling::android.widget.ImageView"}</msg>
<msg timestamp="20220614 21:05:50.675" level="DEBUG">http://127.0.0.1:4723 "POST /wd/hub/session/21de3e94-b851-4c86-a81c-3dec6fbb4cef/elements HTTP/1.1" 200 139</msg>
<msg timestamp="20220614 21:05:50.675" level="DEBUG">Finished Request</msg>
<msg timestamp="20220614 21:05:50.675" level="DEBUG">GET http://127.0.0.1:4723/wd/hub/session/21de3e94-b851-4c86-a81c-3dec6fbb4cef/element/00000000-0000-00aa-0000-001b00000007/displayed {"id": "00000000-0000-00aa-0000-001b00000007"}</msg>
<msg timestamp="20220614 21:05:50.712" level="DEBUG">http://127.0.0.1:4723 "GET /wd/hub/session/21de3e94-b851-4c86-a81c-3dec6fbb4cef/element/00000000-0000-00aa-0000-001b00000007/displayed HTTP/1.1" 200 14</msg>
<msg timestamp="20220614 21:05:50.713" level="DEBUG">Finished Request</msg>
<msg timestamp="20220614 21:05:50.713" level="TRACE">Return: None</msg>
<status status="PASS" starttime="20220614 21:05:50.579" endtime="20220614 21:05:50.713"/>
</kw>
<kw name="Click Element" library="AppiumLibrary">
<arg>${EDIT-ICON}</arg>
<doc>Click element identified by `locator`.</doc>
<msg timestamp="20220614 21:05:50.714" level="TRACE">Arguments: [ '//android.view.View[@content-desc="默認帳本"]/../following-sibling::android.widget.ImageView' ]</msg>
<msg timestamp="20220614 21:05:50.720" level="INFO">Clicking element '//android.view.View[@content-desc="默認帳本"]/../following-sibling::android.widget.ImageView'.</msg>
<msg timestamp="20220614 21:05:50.720" level="DEBUG">POST http://127.0.0.1:4723/wd/hub/session/21de3e94-b851-4c86-a81c-3dec6fbb4cef/elements {"using": "xpath", "value": "//android.view.View[@content-desc=\"\u9ed8\u8a8d\u5e33\u672c\"]/../following-sibling::android.widget.ImageView"}</msg>
<msg timestamp="20220614 21:05:50.807" level="DEBUG">http://127.0.0.1:4723 "POST /wd/hub/session/21de3e94-b851-4c86-a81c-3dec6fbb4cef/elements HTTP/1.1" 200 139</msg>
<msg timestamp="20220614 21:05:50.808" level="DEBUG">Finished Request</msg>
<msg timestamp="20220614 21:05:50.808" level="DEBUG">POST http://127.0.0.1:4723/wd/hub/session/21de3e94-b851-4c86-a81c-3dec6fbb4cef/element/00000000-0000-00aa-0000-001b00000007/click {"id": "00000000-0000-00aa-0000-001b00000007"}</msg>
<msg timestamp="20220614 21:05:50.851" level="DEBUG">http://127.0.0.1:4723 "POST /wd/hub/session/21de3e94-b851-4c86-a81c-3dec6fbb4cef/element/00000000-0000-00aa-0000-001b00000007/click HTTP/1.1" 200 14</msg>
<msg timestamp="20220614 21:05:50.851" level="DEBUG">Finished Request</msg>
<msg timestamp="20220614 21:05:50.851" level="TRACE">Return: None</msg>
<status status="PASS" starttime="20220614 21:05:50.713" endtime="20220614 21:05:50.851"/>
</kw>
<kw name="Wait Until Element Is Visible" library="AppiumLibrary">
<arg>${BOTTON9}</arg>
<doc>Waits until element specified with `locator` is visible.</doc>
<msg timestamp="20220614 21:05:50.852" level="TRACE">Arguments: [ "//android.widget.Button[@content-desc='9']" ]</msg>
<msg timestamp="20220614 21:05:50.852" level="DEBUG">POST http://127.0.0.1:4723/wd/hub/session/21de3e94-b851-4c86-a81c-3dec6fbb4cef/elements {"using": "xpath", "value": "//android.widget.Button[@content-desc='9']"}</msg>
<msg timestamp="20220614 21:05:52.302" level="DEBUG">http://127.0.0.1:4723 "POST /wd/hub/session/21de3e94-b851-4c86-a81c-3dec6fbb4cef/elements HTTP/1.1" 200 139</msg>
<msg timestamp="20220614 21:05:52.302" level="DEBUG">Finished Request</msg>
<msg timestamp="20220614 21:05:52.302" level="DEBUG">GET http://127.0.0.1:4723/wd/hub/session/21de3e94-b851-4c86-a81c-3dec6fbb4cef/element/00000000-0000-00aa-0000-004f00000007/displayed {"id": "00000000-0000-00aa-0000-004f00000007"}</msg>
<msg timestamp="20220614 21:05:52.820" level="DEBUG">http://127.0.0.1:4723 "GET /wd/hub/session/21de3e94-b851-4c86-a81c-3dec6fbb4cef/element/00000000-0000-00aa-0000-004f00000007/displayed HTTP/1.1" 200 14</msg>
<msg timestamp="20220614 21:05:52.820" level="DEBUG">Finished Request</msg>
<msg timestamp="20220614 21:05:52.820" level="TRACE">Return: None</msg>
<status status="PASS" starttime="20220614 21:05:50.852" endtime="20220614 21:05:52.820"/>
</kw>
<kw name="Click Element" library="AppiumLibrary">
<arg>${BOTTON9}</arg>
<doc>Click element identified by `locator`.</doc>
<msg timestamp="20220614 21:05:52.820" level="TRACE">Arguments: [ "//android.widget.Button[@content-desc='9']" ]</msg>
<msg timestamp="20220614 21:05:52.824" level="INFO">Clicking element '//android.widget.Button[@content-desc='9']'.</msg>
<msg timestamp="20220614 21:05:52.824" level="DEBUG">POST http://127.0.0.1:4723/wd/hub/session/21de3e94-b851-4c86-a81c-3dec6fbb4cef/elements {"using": "xpath", "value": "//android.widget.Button[@content-desc='9']"}</msg>
<msg timestamp="20220614 21:05:52.932" level="DEBUG">http://127.0.0.1:4723 "POST /wd/hub/session/21de3e94-b851-4c86-a81c-3dec6fbb4cef/elements HTTP/1.1" 200 139</msg>
<msg timestamp="20220614 21:05:52.932" level="DEBUG">Finished Request</msg>
<msg timestamp="20220614 21:05:52.932" level="DEBUG">POST http://127.0.0.1:4723/wd/hub/session/21de3e94-b851-4c86-a81c-3dec6fbb4cef/element/00000000-0000-00aa-0000-004f00000007/click {"id": "00000000-0000-00aa-0000-004f00000007"}</msg>
<msg timestamp="20220614 21:05:52.951" level="DEBUG">http://127.0.0.1:4723 "POST /wd/hub/session/21de3e94-b851-4c86-a81c-3dec6fbb4cef/element/00000000-0000-00aa-0000-004f00000007/click HTTP/1.1" 200 14</msg>
<msg timestamp="20220614 21:05:52.951" level="DEBUG">Finished Request</msg>
<msg timestamp="20220614 21:05:52.951" level="TRACE">Return: None</msg>
<status status="PASS" starttime="20220614 21:05:52.820" endtime="20220614 21:05:52.951"/>
</kw>
<kw name="Click Element" library="AppiumLibrary">
<arg>${ButtonMutiply}</arg>
<doc>Click element identified by `locator`.</doc>
<msg timestamp="20220614 21:05:52.951" level="TRACE">Arguments: [ "//android.widget.Button[@content-desc='x']" ]</msg>
<msg timestamp="20220614 21:05:52.955" level="INFO">Clicking element '//android.widget.Button[@content-desc='x']'.</msg>
<msg timestamp="20220614 21:05:52.955" level="DEBUG">POST http://127.0.0.1:4723/wd/hub/session/21de3e94-b851-4c86-a81c-3dec6fbb4cef/elements {"using": "xpath", "value": "//android.widget.Button[@content-desc='x']"}</msg>
<msg timestamp="20220614 21:05:53.055" level="DEBUG">http://127.0.0.1:4723 "POST /wd/hub/session/21de3e94-b851-4c86-a81c-3dec6fbb4cef/elements HTTP/1.1" 200 139</msg>
<msg timestamp="20220614 21:05:53.055" level="DEBUG">Finished Request</msg>
<msg timestamp="20220614 21:05:53.056" level="DEBUG">POST http://127.0.0.1:4723/wd/hub/session/21de3e94-b851-4c86-a81c-3dec6fbb4cef/element/00000000-0000-00aa-0000-004900000007/click {"id": "00000000-0000-00aa-0000-004900000007"}</msg>
<msg timestamp="20220614 21:05:53.575" level="DEBUG">http://127.0.0.1:4723 "POST /wd/hub/session/21de3e94-b851-4c86-a81c-3dec6fbb4cef/element/00000000-0000-00aa-0000-004900000007/click HTTP/1.1" 200 14</msg>
<msg timestamp="20220614 21:05:53.575" level="DEBUG">Finished Request</msg>
<msg timestamp="20220614 21:05:53.575" level="TRACE">Return: None</msg>
<status status="PASS" starttime="20220614 21:05:52.951" endtime="20220614 21:05:53.575"/>
</kw>
<kw name="Click Element" library="AppiumLibrary">
<arg>${BOTTON1}</arg>
<doc>Click element identified by `locator`.</doc>
<msg timestamp="20220614 21:05:53.575" level="TRACE">Arguments: [ "//android.widget.Button[@content-desc='1']" ]</msg>
<msg timestamp="20220614 21:05:53.578" level="INFO">Clicking element '//android.widget.Button[@content-desc='1']'.</msg>
<msg timestamp="20220614 21:05:53.578" level="DEBUG">POST http://127.0.0.1:4723/wd/hub/session/21de3e94-b851-4c86-a81c-3dec6fbb4cef/elements {"using": "xpath", "value": "//android.widget.Button[@content-desc='1']"}</msg>
<msg timestamp="20220614 21:05:53.718" level="DEBUG">http://127.0.0.1:4723 "POST /wd/hub/session/21de3e94-b851-4c86-a81c-3dec6fbb4cef/elements HTTP/1.1" 200 139</msg>
<msg timestamp="20220614 21:05:53.719" level="DEBUG">Finished Request</msg>
<msg timestamp="20220614 21:05:53.719" level="DEBUG">POST http://127.0.0.1:4723/wd/hub/session/21de3e94-b851-4c86-a81c-3dec6fbb4cef/element/00000000-0000-00aa-0000-005b00000007/click {"id": "00000000-0000-00aa-0000-005b00000007"}</msg>
<msg timestamp="20220614 21:05:54.211" level="DEBUG">http://127.0.0.1:4723 "POST /wd/hub/session/21de3e94-b851-4c86-a81c-3dec6fbb4cef/element/00000000-0000-00aa-0000-005b00000007/click HTTP/1.1" 200 14</msg>
<msg timestamp="20220614 21:05:54.211" level="DEBUG">Finished Request</msg>
<msg timestamp="20220614 21:05:54.211" level="TRACE">Return: None</msg>
<status status="PASS" starttime="20220614 21:05:53.575" endtime="20220614 21:05:54.211"/>
</kw>
<kw name="Click Element" library="AppiumLibrary">
<arg>${BOTTON0}</arg>
<doc>Click element identified by `locator`.</doc>
<msg timestamp="20220614 21:05:54.212" level="TRACE">Arguments: [ "//android.widget.Button[@content-desc='0']" ]</msg>
<msg timestamp="20220614 21:05:54.216" level="INFO">Clicking element '//android.widget.Button[@content-desc='0']'.</msg>
<msg timestamp="20220614 21:05:54.216" level="DEBUG">POST http://127.0.0.1:4723/wd/hub/session/21de3e94-b851-4c86-a81c-3dec6fbb4cef/elements {"using": "xpath", "value": "//android.widget.Button[@content-desc='0']"}</msg>
<msg timestamp="20220614 21:05:54.306" level="DEBUG">http://127.0.0.1:4723 "POST /wd/hub/session/21de3e94-b851-4c86-a81c-3dec6fbb4cef/elements HTTP/1.1" 200 139</msg>
<msg timestamp="20220614 21:05:54.306" level="DEBUG">Finished Request</msg>
<msg timestamp="20220614 21:05:54.306" level="DEBUG">POST http://127.0.0.1:4723/wd/hub/session/21de3e94-b851-4c86-a81c-3dec6fbb4cef/element/00000000-0000-00aa-0000-006500000007/click {"id": "00000000-0000-00aa-0000-006500000007"}</msg>
<msg timestamp="20220614 21:05:54.863" level="DEBUG">http://127.0.0.1:4723 "POST /wd/hub/session/21de3e94-b851-4c86-a81c-3dec6fbb4cef/element/00000000-0000-00aa-0000-006500000007/click HTTP/1.1" 200 14</msg>
<msg timestamp="20220614 21:05:54.863" level="DEBUG">Finished Request</msg>
<msg timestamp="20220614 21:05:54.863" level="TRACE">Return: None</msg>
<status status="PASS" starttime="20220614 21:05:54.212" endtime="20220614 21:05:54.863"/>
</kw>
<kw name="Click Element" library="AppiumLibrary">
<arg>${BOTTON0}</arg>
<doc>Click element identified by `locator`.</doc>
<msg timestamp="20220614 21:05:54.863" level="TRACE">Arguments: [ "//android.widget.Button[@content-desc='0']" ]</msg>
<msg timestamp="20220614 21:05:54.866" level="INFO">Clicking element '//android.widget.Button[@content-desc='0']'.</msg>
<msg timestamp="20220614 21:05:54.866" level="DEBUG">POST http://127.0.0.1:4723/wd/hub/session/21de3e94-b851-4c86-a81c-3dec6fbb4cef/elements {"using": "xpath", "value": "//android.widget.Button[@content-desc='0']"}</msg>
<msg timestamp="20220614 21:05:54.937" level="DEBUG">http://127.0.0.1:4723 "POST /wd/hub/session/21de3e94-b851-4c86-a81c-3dec6fbb4cef/elements HTTP/1.1" 200 139</msg>
<msg timestamp="20220614 21:05:54.938" level="DEBUG">Finished Request</msg>
<msg timestamp="20220614 21:05:54.938" level="DEBUG">POST http://127.0.0.1:4723/wd/hub/session/21de3e94-b851-4c86-a81c-3dec6fbb4cef/element/00000000-0000-00aa-0000-006500000007/click {"id": "00000000-0000-00aa-0000-006500000007"}</msg>
<msg timestamp="20220614 21:05:55.463" level="DEBUG">http://127.0.0.1:4723 "POST /wd/hub/session/21de3e94-b851-4c86-a81c-3dec6fbb4cef/element/00000000-0000-00aa-0000-006500000007/click HTTP/1.1" 200 14</msg>
<msg timestamp="20220614 21:05:55.463" level="DEBUG">Finished Request</msg>
<msg timestamp="20220614 21:05:55.463" level="TRACE">Return: None</msg>
<status status="PASS" starttime="20220614 21:05:54.863" endtime="20220614 21:05:55.463"/>
</kw>
<kw name="Run Keyword If" library="BuiltIn">
<arg>${index} &gt; 11</arg>
<arg>Swipe</arg>
<arg>521</arg>
<arg>1149</arg>
<arg>0</arg>
<arg>-300</arg>
<doc>Runs the given keyword with the given arguments, if ``condition`` is true.</doc>
<msg timestamp="20220614 21:05:55.464" level="TRACE">Arguments: [ '0 &gt; 11' | 'Swipe' | '521' | '1149' | '0' | '-300' ]</msg>
<msg timestamp="20220614 21:05:55.464" level="TRACE">Return: None</msg>
<status status="PASS" starttime="20220614 21:05:55.464" endtime="20220614 21:05:55.464"/>
</kw>
<kw name="Click Element" library="AppiumLibrary">
<arg>${SelectedCatogory}</arg>
<doc>Click element identified by `locator`.</doc>
<msg timestamp="20220614 21:05:55.464" level="TRACE">Arguments: [ "//android.widget.ImageView[contains(@content-desc,'飲食')]" ]</msg>
<msg timestamp="20220614 21:05:55.467" level="INFO">Clicking element '//android.widget.ImageView[contains(@content-desc,'飲食')]'.</msg>
<msg timestamp="20220614 21:05:55.467" level="DEBUG">POST http://127.0.0.1:4723/wd/hub/session/21de3e94-b851-4c86-a81c-3dec6fbb4cef/elements {"using": "xpath", "value": "//android.widget.ImageView[contains(@content-desc,'\u98f2\u98df')]"}</msg>
<msg timestamp="20220614 21:05:55.542" level="DEBUG">http://127.0.0.1:4723 "POST /wd/hub/session/21de3e94-b851-4c86-a81c-3dec6fbb4cef/elements HTTP/1.1" 200 139</msg>
<msg timestamp="20220614 21:05:55.543" level="DEBUG">Finished Request</msg>
<msg timestamp="20220614 21:05:55.543" level="DEBUG">POST http://127.0.0.1:4723/wd/hub/session/21de3e94-b851-4c86-a81c-3dec6fbb4cef/element/00000000-0000-00aa-0000-002800000007/click {"id": "00000000-0000-00aa-0000-002800000007"}</msg>
<msg timestamp="20220614 21:05:56.116" level="DEBUG">http://127.0.0.1:4723 "POST /wd/hub/session/21de3e94-b851-4c86-a81c-3dec6fbb4cef/element/00000000-0000-00aa-0000-002800000007/click HTTP/1.1" 200 14</msg>
<msg timestamp="20220614 21:05:56.117" level="DEBUG">Finished Request</msg>
<msg timestamp="20220614 21:05:56.117" level="TRACE">Return: None</msg>
<status status="PASS" starttime="20220614 21:05:55.464" endtime="20220614 21:05:56.117"/>
</kw>
<kw name="Click Element" library="AppiumLibrary">
<arg>${EQUAL}</arg>
<doc>Click element identified by `locator`.</doc>
<msg timestamp="20220614 21:05:56.118" level="TRACE">Arguments: [ '//android.view.View[@index=6]/android.view.View/android.view.View[@index=3]/android.widget.ImageView' ]</msg>
<msg timestamp="20220614 21:05:56.124" level="INFO">Clicking element '//android.view.View[@index=6]/android.view.View/android.view.View[@index=3]/android.widget.ImageView'.</msg>
<msg timestamp="20220614 21:05:56.124" level="DEBUG">POST http://127.0.0.1:4723/wd/hub/session/21de3e94-b851-4c86-a81c-3dec6fbb4cef/elements {"using": "xpath", "value": "//android.view.View[@index=6]/android.view.View/android.view.View[@index=3]/android.widget.ImageView"}</msg>
<msg timestamp="20220614 21:05:56.244" level="DEBUG">http://127.0.0.1:4723 "POST /wd/hub/session/21de3e94-b851-4c86-a81c-3dec6fbb4cef/elements HTTP/1.1" 200 139</msg>
<msg timestamp="20220614 21:05:56.244" level="DEBUG">Finished Request</msg>
<msg timestamp="20220614 21:05:56.244" level="DEBUG">POST http://127.0.0.1:4723/wd/hub/session/21de3e94-b851-4c86-a81c-3dec6fbb4cef/element/00000000-0000-00aa-0000-004700000007/click {"id": "00000000-0000-00aa-0000-004700000007"}</msg>
<msg timestamp="20220614 21:05:56.262" level="DEBUG">http://127.0.0.1:4723 "POST /wd/hub/session/21de3e94-b851-4c86-a81c-3dec6fbb4cef/element/00000000-0000-00aa-0000-004700000007/click HTTP/1.1" 200 14</msg>
<msg timestamp="20220614 21:05:56.262" level="DEBUG">Finished Request</msg>
<msg timestamp="20220614 21:05:56.262" level="TRACE">Return: None</msg>
<status status="PASS" starttime="20220614 21:05:56.117" endtime="20220614 21:05:56.262"/>
</kw>
<kw name="Click Element" library="AppiumLibrary">
<arg>${CONFIRM}</arg>
<doc>Click element identified by `locator`.</doc>
<msg timestamp="20220614 21:05:56.263" level="TRACE">Arguments: [ '//android.view.View[@index=6]/android.view.View/android.view.View[@index=3]/android.widget.ImageView' ]</msg>
<msg timestamp="20220614 21:05:56.265" level="INFO">Clicking element '//android.view.View[@index=6]/android.view.View/android.view.View[@index=3]/android.widget.ImageView'.</msg>
<msg timestamp="20220614 21:05:56.265" level="DEBUG">POST http://127.0.0.1:4723/wd/hub/session/21de3e94-b851-4c86-a81c-3dec6fbb4cef/elements {"using": "xpath", "value": "//android.view.View[@index=6]/android.view.View/android.view.View[@index=3]/android.widget.ImageView"}</msg>
<msg timestamp="20220614 21:05:56.935" level="DEBUG">http://127.0.0.1:4723 "POST /wd/hub/session/21de3e94-b851-4c86-a81c-3dec6fbb4cef/elements HTTP/1.1" 200 139</msg>
<msg timestamp="20220614 21:05:56.935" level="DEBUG">Finished Request</msg>
<msg timestamp="20220614 21:05:56.935" level="DEBUG">POST http://127.0.0.1:4723/wd/hub/session/21de3e94-b851-4c86-a81c-3dec6fbb4cef/element/00000000-0000-00aa-0000-004700000007/click {"id": "00000000-0000-00aa-0000-004700000007"}</msg>
<msg timestamp="20220614 21:05:56.960" level="DEBUG">http://127.0.0.1:4723 "POST /wd/hub/session/21de3e94-b851-4c86-a81c-3dec6fbb4cef/element/00000000-0000-00aa-0000-004700000007/click HTTP/1.1" 200 14</msg>
<msg timestamp="20220614 21:05:56.960" level="DEBUG">Finished Request</msg>
<msg timestamp="20220614 21:05:56.960" level="TRACE">Return: None</msg>
<status status="PASS" starttime="20220614 21:05:56.262" endtime="20220614 21:05:56.960"/>
</kw>
<status status="PASS" starttime="20220614 21:05:50.579" endtime="20220614 21:05:56.960"/>
</iter>
<iter>
<var name="${index}">1</var>
<var name="${item}">日用</var>
<kw name="Set Variable" library="BuiltIn">
<var>${SelectedCatogory}</var>
<arg>//android.widget.ImageView[contains(@content-desc,'${item}')]</arg>
<doc>Returns the given values which can then be assigned to a variables.</doc>
<msg timestamp="20220614 21:05:56.961" level="TRACE">Arguments: [ "//android.widget.ImageView[contains(@content-desc,'日用')]" ]</msg>
<msg timestamp="20220614 21:05:56.961" level="TRACE">Return: "//android.widget.ImageView[contains(@content-desc,'日用')]"</msg>
<msg timestamp="20220614 21:05:56.961" level="INFO">${SelectedCatogory} = //android.widget.ImageView[contains(@content-desc,'日用')]</msg>
<status status="PASS" starttime="20220614 21:05:56.961" endtime="20220614 21:05:56.961"/>
</kw>
<kw name="Wait Until Element Is Visible" library="AppiumLibrary">
<arg>${EDIT-ICON}</arg>
<doc>Waits until element specified with `locator` is visible.</doc>
<msg timestamp="20220614 21:05:56.961" level="TRACE">Arguments: [ '//android.view.View[@content-desc="默認帳本"]/../following-sibling::android.widget.ImageView' ]</msg>
<msg timestamp="20220614 21:05:56.961" level="DEBUG">POST http://127.0.0.1:4723/wd/hub/session/21de3e94-b851-4c86-a81c-3dec6fbb4cef/elements {"using": "xpath", "value": "//android.view.View[@content-desc=\"\u9ed8\u8a8d\u5e33\u672c\"]/../following-sibling::android.widget.ImageView"}</msg>
<msg timestamp="20220614 21:05:58.150" level="DEBUG">http://127.0.0.1:4723 "POST /wd/hub/session/21de3e94-b851-4c86-a81c-3dec6fbb4cef/elements HTTP/1.1" 200 139</msg>
<msg timestamp="20220614 21:05:58.150" level="DEBUG">Finished Request</msg>
<msg timestamp="20220614 21:05:58.150" level="DEBUG">GET http://127.0.0.1:4723/wd/hub/session/21de3e94-b851-4c86-a81c-3dec6fbb4cef/element/00000000-0000-00aa-0000-001b00000007/displayed {"id": "00000000-0000-00aa-0000-001b00000007"}</msg>
<msg timestamp="20220614 21:05:58.177" level="DEBUG">http://127.0.0.1:4723 "GET /wd/hub/session/21de3e94-b851-4c86-a81c-3dec6fbb4cef/element/00000000-0000-00aa-0000-001b00000007/displayed HTTP/1.1" 200 14</msg>
<msg timestamp="20220614 21:05:58.177" level="DEBUG">Finished Request</msg>
<msg timestamp="20220614 21:05:58.177" level="TRACE">Return: None</msg>
<status status="PASS" starttime="20220614 21:05:56.961" endtime="20220614 21:05:58.177"/>
</kw>
<kw name="Click Element" library="AppiumLibrary">
<arg>${EDIT-ICON}</arg>
<doc>Click element identified by `locator`.</doc>
<msg timestamp="20220614 21:05:58.178" level="TRACE">Arguments: [ '//android.view.View[@content-desc="默認帳本"]/../following-sibling::android.widget.ImageView' ]</msg>
<msg timestamp="20220614 21:05:58.183" level="INFO">Clicking element '//android.view.View[@content-desc="默認帳本"]/../following-sibling::android.widget.ImageView'.</msg>
<msg timestamp="20220614 21:05:58.183" level="DEBUG">POST http://127.0.0.1:4723/wd/hub/session/21de3e94-b851-4c86-a81c-3dec6fbb4cef/elements {"using": "xpath", "value": "//android.view.View[@content-desc=\"\u9ed8\u8a8d\u5e33\u672c\"]/../following-sibling::android.widget.ImageView"}</msg>
<msg timestamp="20220614 21:05:58.240" level="DEBUG">http://127.0.0.1:4723 "POST /wd/hub/session/21de3e94-b851-4c86-a81c-3dec6fbb4cef/elements HTTP/1.1" 200 139</msg>
<msg timestamp="20220614 21:05:58.241" level="DEBUG">Finished Request</msg>
<msg timestamp="20220614 21:05:58.241" level="DEBUG">POST http://127.0.0.1:4723/wd/hub/session/21de3e94-b851-4c86-a81c-3dec6fbb4cef/element/00000000-0000-00aa-0000-001b00000007/click {"id": "00000000-0000-00aa-0000-001b00000007"}</msg>
<msg timestamp="20220614 21:05:58.274" level="DEBUG">http://127.0.0.1:4723 "POST /wd/hub/session/21de3e94-b851-4c86-a81c-3dec6fbb4cef/element/00000000-0000-00aa-0000-001b00000007/click HTTP/1.1" 200 14</msg>
<msg timestamp="20220614 21:05:58.275" level="DEBUG">Finished Request</msg>
<msg timestamp="20220614 21:05:58.275" level="TRACE">Return: None</msg>
<status status="PASS" starttime="20220614 21:05:58.178" endtime="20220614 21:05:58.275"/>
</kw>
<kw name="Wait Until Element Is Visible" library="AppiumLibrary">
<arg>${BOTTON9}</arg>
<doc>Waits until element specified with `locator` is visible.</doc>
<msg timestamp="20220614 21:05:58.275" level="TRACE">Arguments: [ "//android.widget.Button[@content-desc='9']" ]</msg>
<msg timestamp="20220614 21:05:58.275" level="DEBUG">POST http://127.0.0.1:4723/wd/hub/session/21de3e94-b851-4c86-a81c-3dec6fbb4cef/elements {"using": "xpath", "value": "//android.widget.Button[@content-desc='9']"}</msg>
<msg timestamp="20220614 21:05:58.330" level="DEBUG">http://127.0.0.1:4723 "POST /wd/hub/session/21de3e94-b851-4c86-a81c-3dec6fbb4cef/elements HTTP/1.1" 200 12</msg>
<msg timestamp="20220614 21:05:58.330" level="DEBUG">Finished Request</msg>
<msg timestamp="20220614 21:05:58.542" level="DEBUG">POST http://127.0.0.1:4723/wd/hub/session/21de3e94-b851-4c86-a81c-3dec6fbb4cef/elements {"using": "xpath", "value": "//android.widget.Button[@content-desc='9']"}</msg>
<msg timestamp="20220614 21:05:59.471" level="DEBUG">http://127.0.0.1:4723 "POST /wd/hub/session/21de3e94-b851-4c86-a81c-3dec6fbb4cef/elements HTTP/1.1" 200 139</msg>
<msg timestamp="20220614 21:05:59.471" level="DEBUG">Finished Request</msg>
<msg timestamp="20220614 21:05:59.471" level="DEBUG">GET http://127.0.0.1:4723/wd/hub/session/21de3e94-b851-4c86-a81c-3dec6fbb4cef/element/00000000-0000-00aa-0000-009500000007/displayed {"id": "00000000-0000-00aa-0000-009500000007"}</msg>
<msg timestamp="20220614 21:05:59.483" level="DEBUG">http://127.0.0.1:4723 "GET /wd/hub/session/21de3e94-b851-4c86-a81c-3dec6fbb4cef/element/00000000-0000-00aa-0000-009500000007/displayed HTTP/1.1" 200 14</msg>
<msg timestamp="20220614 21:05:59.483" level="DEBUG">Finished Request</msg>
<msg timestamp="20220614 21:05:59.483" level="TRACE">Return: None</msg>
<status status="PASS" starttime="20220614 21:05:58.275" endtime="20220614 21:05:59.483"/>
</kw>
<kw name="Click Element" library="AppiumLibrary">
<arg>${BOTTON9}</arg>
<doc>Click element identified by `locator`.</doc>
<msg timestamp="20220614 21:05:59.483" level="TRACE">Arguments: [ "//android.widget.Button[@content-desc='9']" ]</msg>
<msg timestamp="20220614 21:05:59.486" level="INFO">Clicking element '//android.widget.Button[@content-desc='9']'.</msg>
<msg timestamp="20220614 21:05:59.486" level="DEBUG">POST http://127.0.0.1:4723/wd/hub/session/21de3e94-b851-4c86-a81c-3dec6fbb4cef/elements {"using": "xpath", "value": "//android.widget.Button[@content-desc='9']"}</msg>
<msg timestamp="20220614 21:05:59.541" level="DEBUG">http://127.0.0.1:4723 "POST /wd/hub/session/21de3e94-b851-4c86-a81c-3dec6fbb4cef/elements HTTP/1.1" 200 139</msg>
<msg timestamp="20220614 21:05:59.541" level="DEBUG">Finished Request</msg>
<msg timestamp="20220614 21:05:59.541" level="DEBUG">POST http://127.0.0.1:4723/wd/hub/session/21de3e94-b851-4c86-a81c-3dec6fbb4cef/element/00000000-0000-00aa-0000-009500000007/click {"id": "00000000-0000-00aa-0000-009500000007"}</msg>
<msg timestamp="20220614 21:05:59.560" level="DEBUG">http://127.0.0.1:4723 "POST /wd/hub/session/21de3e94-b851-4c86-a81c-3dec6fbb4cef/element/00000000-0000-00aa-0000-009500000007/click HTTP/1.1" 200 14</msg>
<msg timestamp="20220614 21:05:59.560" level="DEBUG">Finished Request</msg>
<msg timestamp="20220614 21:05:59.560" level="TRACE">Return: None</msg>
<status status="PASS" starttime="20220614 21:05:59.483" endtime="20220614 21:05:59.560"/>
</kw>
<kw name="Click Element" library="AppiumLibrary">
<arg>${ButtonMutiply}</arg>
<doc>Click element identified by `locator`.</doc>
<msg timestamp="20220614 21:05:59.560" level="TRACE">Arguments: [ "//android.widget.Button[@content-desc='x']" ]</msg>
<msg timestamp="20220614 21:05:59.563" level="INFO">Clicking element '//android.widget.Button[@content-desc='x']'.</msg>
<msg timestamp="20220614 21:05:59.563" level="DEBUG">POST http://127.0.0.1:4723/wd/hub/session/21de3e94-b851-4c86-a81c-3dec6fbb4cef/elements {"using": "xpath", "value": "//android.widget.Button[@content-desc='x']"}</msg>
<msg timestamp="20220614 21:05:59.638" level="DEBUG">http://127.0.0.1:4723 "POST /wd/hub/session/21de3e94-b851-4c86-a81c-3dec6fbb4cef/elements HTTP/1.1" 200 139</msg>
<msg timestamp="20220614 21:05:59.638" level="DEBUG">Finished Request</msg>
<msg timestamp="20220614 21:05:59.638" level="DEBUG">POST http://127.0.0.1:4723/wd/hub/session/21de3e94-b851-4c86-a81c-3dec6fbb4cef/element/00000000-0000-00aa-0000-008f00000007/click {"id": "00000000-0000-00aa-0000-008f00000007"}</msg>
<msg timestamp="20220614 21:06:00.256" level="DEBUG">http://127.0.0.1:4723 "POST /wd/hub/session/21de3e94-b851-4c86-a81c-3dec6fbb4cef/element/00000000-0000-00aa-0000-008f00000007/click HTTP/1.1" 200 14</msg>
<msg timestamp="20220614 21:06:00.256" level="DEBUG">Finished Request</msg>
<msg timestamp="20220614 21:06:00.257" level="TRACE">Return: None</msg>
<status status="PASS" starttime="20220614 21:05:59.560" endtime="20220614 21:06:00.257"/>
</kw>
<kw name="Click Element" library="AppiumLibrary">
<arg>${BOTTON1}</arg>
<doc>Click element identified by `locator`.</doc>
<msg timestamp="20220614 21:06:00.257" level="TRACE">Arguments: [ "//android.widget.Button[@content-desc='1']" ]</msg>
<msg timestamp="20220614 21:06:00.263" level="INFO">Clicking element '//android.widget.Button[@content-desc='1']'.</msg>
<msg timestamp="20220614 21:06:00.263" level="DEBUG">POST http://127.0.0.1:4723/wd/hub/session/21de3e94-b851-4c86-a81c-3dec6fbb4cef/elements {"using": "xpath", "value": "//android.widget.Button[@content-desc='1']"}</msg>
<msg timestamp="20220614 21:06:00.332" level="DEBUG">http://127.0.0.1:4723 "POST /wd/hub/session/21de3e94-b851-4c86-a81c-3dec6fbb4cef/elements HTTP/1.1" 200 139</msg>
<msg timestamp="20220614 21:06:00.332" level="DEBUG">Finished Request</msg>
<msg timestamp="20220614 21:06:00.332" level="DEBUG">POST http://127.0.0.1:4723/wd/hub/session/21de3e94-b851-4c86-a81c-3dec6fbb4cef/element/00000000-0000-00aa-0000-00a100000007/click {"id": "00000000-0000-00aa-0000-00a100000007"}</msg>
<msg timestamp="20220614 21:06:01.226" level="DEBUG">http://127.0.0.1:4723 "POST /wd/hub/session/21de3e94-b851-4c86-a81c-3dec6fbb4cef/element/00000000-0000-00aa-0000-00a100000007/click HTTP/1.1" 200 14</msg>
<msg timestamp="20220614 21:06:01.227" level="DEBUG">Finished Request</msg>
<msg timestamp="20220614 21:06:01.227" level="TRACE">Return: None</msg>
<status status="PASS" starttime="20220614 21:06:00.257" endtime="20220614 21:06:01.227"/>
</kw>
<kw name="Click Element" library="AppiumLibrary">
<arg>${BOTTON0}</arg>
<doc>Click element identified by `locator`.</doc>
<msg timestamp="20220614 21:06:01.227" level="TRACE">Arguments: [ "//android.widget.Button[@content-desc='0']" ]</msg>
<msg timestamp="20220614 21:06:01.232" level="INFO">Clicking element '//android.widget.Button[@content-desc='0']'.</msg>
<msg timestamp="20220614 21:06:01.233" level="DEBUG">POST http://127.0.0.1:4723/wd/hub/session/21de3e94-b851-4c86-a81c-3dec6fbb4cef/elements {"using": "xpath", "value": "//android.widget.Button[@content-desc='0']"}</msg>
<msg timestamp="20220614 21:06:01.907" level="DEBUG">http://127.0.0.1:4723 "POST /wd/hub/session/21de3e94-b851-4c86-a81c-3dec6fbb4cef/elements HTTP/1.1" 200 139</msg>
<msg timestamp="20220614 21:06:01.907" level="DEBUG">Finished Request</msg>
<msg timestamp="20220614 21:06:01.907" level="DEBUG">POST http://127.0.0.1:4723/wd/hub/session/21de3e94-b851-4c86-a81c-3dec6fbb4cef/element/00000000-0000-00aa-0000-00ab00000007/click {"id": "00000000-0000-00aa-0000-00ab00000007"}</msg>
<msg timestamp="20220614 21:06:01.944" level="DEBUG">http://127.0.0.1:4723 "POST /wd/hub/session/21de3e94-b851-4c86-a81c-3dec6fbb4cef/element/00000000-0000-00aa-0000-00ab00000007/click HTTP/1.1" 200 14</msg>
<msg timestamp="20220614 21:06:01.945" level="DEBUG">Finished Request</msg>
<msg timestamp="20220614 21:06:01.945" level="TRACE">Return: None</msg>
<status status="PASS" starttime="20220614 21:06:01.227" endtime="20220614 21:06:01.945"/>
</kw>
<kw name="Click Element" library="AppiumLibrary">
<arg>${BOTTON0}</arg>
<doc>Click element identified by `locator`.</doc>
<msg timestamp="20220614 21:06:01.945" level="TRACE">Arguments: [ "//android.widget.Button[@content-desc='0']" ]</msg>
<msg timestamp="20220614 21:06:01.951" level="INFO">Clicking element '//android.widget.Button[@content-desc='0']'.</msg>
<msg timestamp="20220614 21:06:01.951" level="DEBUG">POST http://127.0.0.1:4723/wd/hub/session/21de3e94-b851-4c86-a81c-3dec6fbb4cef/elements {"using": "xpath", "value": "//android.widget.Button[@content-desc='0']"}</msg>
<msg timestamp="20220614 21:06:02.592" level="DEBUG">http://127.0.0.1:4723 "POST /wd/hub/session/21de3e94-b851-4c86-a81c-3dec6fbb4cef/elements HTTP/1.1" 200 139</msg>
<msg timestamp="20220614 21:06:02.593" level="DEBUG">Finished Request</msg>
<msg timestamp="20220614 21:06:02.593" level="DEBUG">POST http://127.0.0.1:4723/wd/hub/session/21de3e94-b851-4c86-a81c-3dec6fbb4cef/element/00000000-0000-00aa-0000-00ab00000007/click {"id": "00000000-0000-00aa-0000-00ab00000007"}</msg>
<msg timestamp="20220614 21:06:02.622" level="DEBUG">http://127.0.0.1:4723 "POST /wd/hub/session/21de3e94-b851-4c86-a81c-3dec6fbb4cef/element/00000000-0000-00aa-0000-00ab00000007/click HTTP/1.1" 200 14</msg>
<msg timestamp="20220614 21:06:02.622" level="DEBUG">Finished Request</msg>
<msg timestamp="20220614 21:06:02.622" level="TRACE">Return: None</msg>
<status status="PASS" starttime="20220614 21:06:01.945" endtime="20220614 21:06:02.622"/>
</kw>
<kw name="Run Keyword If" library="BuiltIn">
<arg>${index} &gt; 11</arg>
<arg>Swipe</arg>
<arg>521</arg>
<arg>1149</arg>
<arg>0</arg>
<arg>-300</arg>
<doc>Runs the given keyword with the given arguments, if ``condition`` is true.</doc>
<msg timestamp="20220614 21:06:02.622" level="TRACE">Arguments: [ '1 &gt; 11' | 'Swipe' | '521' | '1149' | '0' | '-300' ]</msg>
<msg timestamp="20220614 21:06:02.622" level="TRACE">Return: None</msg>
<status status="PASS" starttime="20220614 21:06:02.622" endtime="20220614 21:06:02.622"/>
</kw>
<kw name="Click Element" library="AppiumLibrary">
<arg>${SelectedCatogory}</arg>
<doc>Click element identified by `locator`.</doc>
<msg timestamp="20220614 21:06:02.623" level="TRACE">Arguments: [ "//android.widget.ImageView[contains(@content-desc,'日用')]" ]</msg>
<msg timestamp="20220614 21:06:02.625" level="INFO">Clicking element '//android.widget.ImageView[contains(@content-desc,'日用')]'.</msg>
<msg timestamp="20220614 21:06:02.625" level="DEBUG">POST http://127.0.0.1:4723/wd/hub/session/21de3e94-b851-4c86-a81c-3dec6fbb4cef/elements {"using": "xpath", "value": "//android.widget.ImageView[contains(@content-desc,'\u65e5\u7528')]"}</msg>
<msg timestamp="20220614 21:06:03.249" level="DEBUG">http://127.0.0.1:4723 "POST /wd/hub/session/21de3e94-b851-4c86-a81c-3dec6fbb4cef/elements HTTP/1.1" 200 139</msg>
<msg timestamp="20220614 21:06:03.250" level="DEBUG">Finished Request</msg>
<msg timestamp="20220614 21:06:03.250" level="DEBUG">POST http://127.0.0.1:4723/wd/hub/session/21de3e94-b851-4c86-a81c-3dec6fbb4cef/element/00000000-0000-00aa-0000-00bd00000007/click {"id": "00000000-0000-00aa-0000-00bd00000007"}</msg>
<msg timestamp="20220614 21:06:03.290" level="DEBUG">http://127.0.0.1:4723 "POST /wd/hub/session/21de3e94-b851-4c86-a81c-3dec6fbb4cef/element/00000000-0000-00aa-0000-00bd00000007/click HTTP/1.1" 200 14</msg>
<msg timestamp="20220614 21:06:03.291" level="DEBUG">Finished Request</msg>
<msg timestamp="20220614 21:06:03.291" level="TRACE">Return: None</msg>
<status status="PASS" starttime="20220614 21:06:02.623" endtime="20220614 21:06:03.291"/>
</kw>
<kw name="Click Element" library="AppiumLibrary">
<arg>${EQUAL}</arg>
<doc>Click element identified by `locator`.</doc>
<msg timestamp="20220614 21:06:03.291" level="TRACE">Arguments: [ '//android.view.View[@index=6]/android.view.View/android.view.View[@index=3]/android.widget.ImageView' ]</msg>
<msg timestamp="20220614 21:06:03.294" level="INFO">Clicking element '//android.view.View[@index=6]/android.view.View/android.view.View[@index=3]/android.widget.ImageView'.</msg>
<msg timestamp="20220614 21:06:03.294" level="DEBUG">POST http://127.0.0.1:4723/wd/hub/session/21de3e94-b851-4c86-a81c-3dec6fbb4cef/elements {"using": "xpath", "value": "//android.view.View[@index=6]/android.view.View/android.view.View[@index=3]/android.widget.ImageView"}</msg>
<msg timestamp="20220614 21:06:03.382" level="DEBUG">http://127.0.0.1:4723 "POST /wd/hub/session/21de3e94-b851-4c86-a81c-3dec6fbb4cef/elements HTTP/1.1" 200 139</msg>
<msg timestamp="20220614 21:06:03.382" level="DEBUG">Finished Request</msg>
<msg timestamp="20220614 21:06:03.382" level="DEBUG">POST http://127.0.0.1:4723/wd/hub/session/21de3e94-b851-4c86-a81c-3dec6fbb4cef/element/00000000-0000-00aa-0000-008d00000007/click {"id": "00000000-0000-00aa-0000-008d00000007"}</msg>
<msg timestamp="20220614 21:06:03.419" level="DEBUG">http://127.0.0.1:4723 "POST /wd/hub/session/21de3e94-b851-4c86-a81c-3dec6fbb4cef/element/00000000-0000-00aa-0000-008d00000007/click HTTP/1.1" 200 14</msg>
<msg timestamp="20220614 21:06:03.419" level="DEBUG">Finished Request</msg>
<msg timestamp="20220614 21:06:03.419" level="TRACE">Return: None</msg>
<status status="PASS" starttime="20220614 21:06:03.291" endtime="20220614 21:06:03.419"/>
</kw>
<kw name="Click Element" library="AppiumLibrary">
<arg>${CONFIRM}</arg>
<doc>Click element identified by `locator`.</doc>
<msg timestamp="20220614 21:06:03.419" level="TRACE">Arguments: [ '//android.view.View[@index=6]/android.view.View/android.view.View[@index=3]/android.widget.ImageView' ]</msg>
<msg timestamp="20220614 21:06:03.424" level="INFO">Clicking element '//android.view.View[@index=6]/android.view.View/android.view.View[@index=3]/android.widget.ImageView'.</msg>
<msg timestamp="20220614 21:06:03.425" level="DEBUG">POST http://127.0.0.1:4723/wd/hub/session/21de3e94-b851-4c86-a81c-3dec6fbb4cef/elements {"using": "xpath", "value": "//android.view.View[@index=6]/android.view.View/android.view.View[@index=3]/android.widget.ImageView"}</msg>
<msg timestamp="20220614 21:06:04.122" level="DEBUG">http://127.0.0.1:4723 "POST /wd/hub/session/21de3e94-b851-4c86-a81c-3dec6fbb4cef/elements HTTP/1.1" 200 139</msg>
<msg timestamp="20220614 21:06:04.122" level="DEBUG">Finished Request</msg>
<msg timestamp="20220614 21:06:04.123" level="DEBUG">POST http://127.0.0.1:4723/wd/hub/session/21de3e94-b851-4c86-a81c-3dec6fbb4cef/element/00000000-0000-00aa-0000-008d00000007/click {"id": "00000000-0000-00aa-0000-008d00000007"}</msg>
<msg timestamp="20220614 21:06:04.146" level="DEBUG">http://127.0.0.1:4723 "POST /wd/hub/session/21de3e94-b851-4c86-a81c-3dec6fbb4cef/element/00000000-0000-00aa-0000-008d00000007/click HTTP/1.1" 200 14</msg>
<msg timestamp="20220614 21:06:04.147" level="DEBUG">Finished Request</msg>
<msg timestamp="20220614 21:06:04.147" level="TRACE">Return: None</msg>
<status status="PASS" starttime="20220614 21:06:03.419" endtime="20220614 21:06:04.147"/>
</kw>
<status status="PASS" starttime="20220614 21:05:56.960" endtime="20220614 21:06:04.147"/>
</iter>
<iter>
<var name="${index}">2</var>
<var name="${item}">交通</var>
<kw name="Set Variable" library="BuiltIn">
<var>${SelectedCatogory}</var>
<arg>//android.widget.ImageView[contains(@content-desc,'${item}')]</arg>
<doc>Returns the given values which can then be assigned to a variables.</doc>
<msg timestamp="20220614 21:06:04.147" level="TRACE">Arguments: [ "//android.widget.ImageView[contains(@content-desc,'交通')]" ]</msg>
<msg timestamp="20220614 21:06:04.147" level="TRACE">Return: "//android.widget.ImageView[contains(@content-desc,'交通')]"</msg>
<msg timestamp="20220614 21:06:04.147" level="INFO">${SelectedCatogory} = //android.widget.ImageView[contains(@content-desc,'交通')]</msg>
<status status="PASS" starttime="20220614 21:06:04.147" endtime="20220614 21:06:04.147"/>
</kw>
<kw name="Wait Until Element Is Visible" library="AppiumLibrary">
<arg>${EDIT-ICON}</arg>
<doc>Waits until element specified with `locator` is visible.</doc>
<msg timestamp="20220614 21:06:04.148" level="TRACE">Arguments: [ '//android.view.View[@content-desc="默認帳本"]/../following-sibling::android.widget.ImageView' ]</msg>
<msg timestamp="20220614 21:06:04.148" level="DEBUG">POST http://127.0.0.1:4723/wd/hub/session/21de3e94-b851-4c86-a81c-3dec6fbb4cef/elements {"using": "xpath", "value": "//android.view.View[@content-desc=\"\u9ed8\u8a8d\u5e33\u672c\"]/../following-sibling::android.widget.ImageView"}</msg>
<msg timestamp="20220614 21:06:05.276" level="DEBUG">http://127.0.0.1:4723 "POST /wd/hub/session/21de3e94-b851-4c86-a81c-3dec6fbb4cef/elements HTTP/1.1" 200 139</msg>
<msg timestamp="20220614 21:06:05.276" level="DEBUG">Finished Request</msg>
<msg timestamp="20220614 21:06:05.277" level="DEBUG">GET http://127.0.0.1:4723/wd/hub/session/21de3e94-b851-4c86-a81c-3dec6fbb4cef/element/00000000-0000-00aa-0000-001b00000007/displayed {"id": "00000000-0000-00aa-0000-001b00000007"}</msg>
<msg timestamp="20220614 21:06:05.292" level="DEBUG">http://127.0.0.1:4723 "GET /wd/hub/session/21de3e94-b851-4c86-a81c-3dec6fbb4cef/element/00000000-0000-00aa-0000-001b00000007/displayed HTTP/1.1" 200 14</msg>
<msg timestamp="20220614 21:06:05.292" level="DEBUG">Finished Request</msg>
<msg timestamp="20220614 21:06:05.292" level="TRACE">Return: None</msg>
<status status="PASS" starttime="20220614 21:06:04.147" endtime="20220614 21:06:05.292"/>
</kw>
<kw name="Click Element" library="AppiumLibrary">
<arg>${EDIT-ICON}</arg>
<doc>Click element identified by `locator`.</doc>
<msg timestamp="20220614 21:06:05.293" level="TRACE">Arguments: [ '//android.view.View[@content-desc="默認帳本"]/../following-sibling::android.widget.ImageView' ]</msg>
<msg timestamp="20220614 21:06:05.297" level="INFO">Clicking element '//android.view.View[@content-desc="默認帳本"]/../following-sibling::android.widget.ImageView'.</msg>
<msg timestamp="20220614 21:06:05.297" level="DEBUG">POST http://127.0.0.1:4723/wd/hub/session/21de3e94-b851-4c86-a81c-3dec6fbb4cef/elements {"using": "xpath", "value": "//android.view.View[@content-desc=\"\u9ed8\u8a8d\u5e33\u672c\"]/../following-sibling::android.widget.ImageView"}</msg>
<msg timestamp="20220614 21:06:05.352" level="DEBUG">http://127.0.0.1:4723 "POST /wd/hub/session/21de3e94-b851-4c86-a81c-3dec6fbb4cef/elements HTTP/1.1" 200 139</msg>
<msg timestamp="20220614 21:06:05.352" level="DEBUG">Finished Request</msg>
<msg timestamp="20220614 21:06:05.352" level="DEBUG">POST http://127.0.0.1:4723/wd/hub/session/21de3e94-b851-4c86-a81c-3dec6fbb4cef/element/00000000-0000-00aa-0000-001b00000007/click {"id": "00000000-0000-00aa-0000-001b00000007"}</msg>
<msg timestamp="20220614 21:06:05.372" level="DEBUG">http://127.0.0.1:4723 "POST /wd/hub/session/21de3e94-b851-4c86-a81c-3dec6fbb4cef/element/00000000-0000-00aa-0000-001b00000007/click HTTP/1.1" 200 14</msg>
<msg timestamp="20220614 21:06:05.373" level="DEBUG">Finished Request</msg>
<msg timestamp="20220614 21:06:05.373" level="TRACE">Return: None</msg>
<status status="PASS" starttime="20220614 21:06:05.292" endtime="20220614 21:06:05.373"/>
</kw>
<kw name="Wait Until Element Is Visible" library="AppiumLibrary">
<arg>${BOTTON9}</arg>
<doc>Waits until element specified with `locator` is visible.</doc>
<msg timestamp="20220614 21:06:05.373" level="TRACE">Arguments: [ "//android.widget.Button[@content-desc='9']" ]</msg>
<msg timestamp="20220614 21:06:05.373" level="DEBUG">POST http://127.0.0.1:4723/wd/hub/session/21de3e94-b851-4c86-a81c-3dec6fbb4cef/elements {"using": "xpath", "value": "//android.widget.Button[@content-desc='9']"}</msg>
<msg timestamp="20220614 21:06:06.519" level="DEBUG">http://127.0.0.1:4723 "POST /wd/hub/session/21de3e94-b851-4c86-a81c-3dec6fbb4cef/elements HTTP/1.1" 200 139</msg>
<msg timestamp="20220614 21:06:06.519" level="DEBUG">Finished Request</msg>
<msg timestamp="20220614 21:06:06.520" level="DEBUG">GET http://127.0.0.1:4723/wd/hub/session/21de3e94-b851-4c86-a81c-3dec6fbb4cef/element/00000000-0000-00aa-0000-00fb00000007/displayed {"id": "00000000-0000-00aa-0000-00fb00000007"}</msg>
<msg timestamp="20220614 21:06:06.533" level="DEBUG">http://127.0.0.1:4723 "GET /wd/hub/session/21de3e94-b851-4c86-a81c-3dec6fbb4cef/element/00000000-0000-00aa-0000-00fb00000007/displayed HTTP/1.1" 200 14</msg>
<msg timestamp="20220614 21:06:06.533" level="DEBUG">Finished Request</msg>
<msg timestamp="20220614 21:06:06.533" level="TRACE">Return: None</msg>
<status status="PASS" starttime="20220614 21:06:05.373" endtime="20220614 21:06:06.533"/>
</kw>
<kw name="Click Element" library="AppiumLibrary">
<arg>${BOTTON9}</arg>
<doc>Click element identified by `locator`.</doc>
<msg timestamp="20220614 21:06:06.533" level="TRACE">Arguments: [ "//android.widget.Button[@content-desc='9']" ]</msg>
<msg timestamp="20220614 21:06:06.536" level="INFO">Clicking element '//android.widget.Button[@content-desc='9']'.</msg>
<msg timestamp="20220614 21:06:06.537" level="DEBUG">POST http://127.0.0.1:4723/wd/hub/session/21de3e94-b851-4c86-a81c-3dec6fbb4cef/elements {"using": "xpath", "value": "//android.widget.Button[@content-desc='9']"}</msg>
<msg timestamp="20220614 21:06:06.584" level="DEBUG">http://127.0.0.1:4723 "POST /wd/hub/session/21de3e94-b851-4c86-a81c-3dec6fbb4cef/elements HTTP/1.1" 200 139</msg>
<msg timestamp="20220614 21:06:06.585" level="DEBUG">Finished Request</msg>
<msg timestamp="20220614 21:06:06.585" level="DEBUG">POST http://127.0.0.1:4723/wd/hub/session/21de3e94-b851-4c86-a81c-3dec6fbb4cef/element/00000000-0000-00aa-0000-00fb00000007/click {"id": "00000000-0000-00aa-0000-00fb00000007"}</msg>
<msg timestamp="20220614 21:06:06.617" level="DEBUG">http://127.0.0.1:4723 "POST /wd/hub/session/21de3e94-b851-4c86-a81c-3dec6fbb4cef/element/00000000-0000-00aa-0000-00fb00000007/click HTTP/1.1" 200 14</msg>
<msg timestamp="20220614 21:06:06.617" level="DEBUG">Finished Request</msg>
<msg timestamp="20220614 21:06:06.617" level="TRACE">Return: None</msg>
<status status="PASS" starttime="20220614 21:06:06.533" endtime="20220614 21:06:06.617"/>
</kw>
<kw name="Click Element" library="AppiumLibrary">
<arg>${ButtonMutiply}</arg>
<doc>Click element identified by `locator`.</doc>
<msg timestamp="20220614 21:06:06.617" level="TRACE">Arguments: [ "//android.widget.Button[@content-desc='x']" ]</msg>
<msg timestamp="20220614 21:06:06.620" level="INFO">Clicking element '//android.widget.Button[@content-desc='x']'.</msg>
<msg timestamp="20220614 21:06:06.620" level="DEBUG">POST http://127.0.0.1:4723/wd/hub/session/21de3e94-b851-4c86-a81c-3dec6fbb4cef/elements {"using": "xpath", "value": "//android.widget.Button[@content-desc='x']"}</msg>
<msg timestamp="20220614 21:06:07.218" level="DEBUG">http://127.0.0.1:4723 "POST /wd/hub/session/21de3e94-b851-4c86-a81c-3dec6fbb4cef/elements HTTP/1.1" 200 139</msg>
<msg timestamp="20220614 21:06:07.219" level="DEBUG">Finished Request</msg>
<msg timestamp="20220614 21:06:07.219" level="DEBUG">POST http://127.0.0.1:4723/wd/hub/session/21de3e94-b851-4c86-a81c-3dec6fbb4cef/element/00000000-0000-00aa-0000-00f500000007/click {"id": "00000000-0000-00aa-0000-00f500000007"}</msg>
<msg timestamp="20220614 21:06:07.239" level="DEBUG">http://127.0.0.1:4723 "POST /wd/hub/session/21de3e94-b851-4c86-a81c-3dec6fbb4cef/element/00000000-0000-00aa-0000-00f500000007/click HTTP/1.1" 200 14</msg>
<msg timestamp="20220614 21:06:07.239" level="DEBUG">Finished Request</msg>
<msg timestamp="20220614 21:06:07.239" level="TRACE">Return: None</msg>
<status status="PASS" starttime="20220614 21:06:06.617" endtime="20220614 21:06:07.239"/>
</kw>
<kw name="Click Element" library="AppiumLibrary">
<arg>${BOTTON1}</arg>
<doc>Click element identified by `locator`.</doc>
<msg timestamp="20220614 21:06:07.240" level="TRACE">Arguments: [ "//android.widget.Button[@content-desc='1']" ]</msg>
<msg timestamp="20220614 21:06:07.242" level="INFO">Clicking element '//android.widget.Button[@content-desc='1']'.</msg>
<msg timestamp="20220614 21:06:07.242" level="DEBUG">POST http://127.0.0.1:4723/wd/hub/session/21de3e94-b851-4c86-a81c-3dec6fbb4cef/elements {"using": "xpath", "value": "//android.widget.Button[@content-desc='1']"}</msg>
<msg timestamp="20220614 21:06:07.847" level="DEBUG">http://127.0.0.1:4723 "POST /wd/hub/session/21de3e94-b851-4c86-a81c-3dec6fbb4cef/elements HTTP/1.1" 200 139</msg>
<msg timestamp="20220614 21:06:07.847" level="DEBUG">Finished Request</msg>
<msg timestamp="20220614 21:06:07.847" level="DEBUG">POST http://127.0.0.1:4723/wd/hub/session/21de3e94-b851-4c86-a81c-3dec6fbb4cef/element/00000000-0000-00aa-0000-010700000007/click {"id": "00000000-0000-00aa-0000-010700000007"}</msg>
<msg timestamp="20220614 21:06:07.873" level="DEBUG">http://127.0.0.1:4723 "POST /wd/hub/session/21de3e94-b851-4c86-a81c-3dec6fbb4cef/element/00000000-0000-00aa-0000-010700000007/click HTTP/1.1" 200 14</msg>
<msg timestamp="20220614 21:06:07.873" level="DEBUG">Finished Request</msg>
<msg timestamp="20220614 21:06:07.873" level="TRACE">Return: None</msg>
<status status="PASS" starttime="20220614 21:06:07.239" endtime="20220614 21:06:07.873"/>
</kw>
<kw name="Click Element" library="AppiumLibrary">
<arg>${BOTTON0}</arg>
<doc>Click element identified by `locator`.</doc>
<msg timestamp="20220614 21:06:07.873" level="TRACE">Arguments: [ "//android.widget.Button[@content-desc='0']" ]</msg>
<msg timestamp="20220614 21:06:07.876" level="INFO">Clicking element '//android.widget.Button[@content-desc='0']'.</msg>
<msg timestamp="20220614 21:06:07.876" level="DEBUG">POST http://127.0.0.1:4723/wd/hub/session/21de3e94-b851-4c86-a81c-3dec6fbb4cef/elements {"using": "xpath", "value": "//android.widget.Button[@content-desc='0']"}</msg>
<msg timestamp="20220614 21:06:08.483" level="DEBUG">http://127.0.0.1:4723 "POST /wd/hub/session/21de3e94-b851-4c86-a81c-3dec6fbb4cef/elements HTTP/1.1" 200 139</msg>
<msg timestamp="20220614 21:06:08.483" level="DEBUG">Finished Request</msg>
<msg timestamp="20220614 21:06:08.483" level="DEBUG">POST http://127.0.0.1:4723/wd/hub/session/21de3e94-b851-4c86-a81c-3dec6fbb4cef/element/00000000-0000-00aa-0000-011100000007/click {"id": "00000000-0000-00aa-0000-011100000007"}</msg>
<msg timestamp="20220614 21:06:08.503" level="DEBUG">http://127.0.0.1:4723 "POST /wd/hub/session/21de3e94-b851-4c86-a81c-3dec6fbb4cef/element/00000000-0000-00aa-0000-011100000007/click HTTP/1.1" 200 14</msg>
<msg timestamp="20220614 21:06:08.503" level="DEBUG">Finished Request</msg>
<msg timestamp="20220614 21:06:08.503" level="TRACE">Return: None</msg>
<status status="PASS" starttime="20220614 21:06:07.873" endtime="20220614 21:06:08.503"/>
</kw>
<kw name="Click Element" library="AppiumLibrary">
<arg>${BOTTON0}</arg>
<doc>Click element identified by `locator`.</doc>
<msg timestamp="20220614 21:06:08.503" level="TRACE">Arguments: [ "//android.widget.Button[@content-desc='0']" ]</msg>
<msg timestamp="20220614 21:06:08.506" level="INFO">Clicking element '//android.widget.Button[@content-desc='0']'.</msg>
<msg timestamp="20220614 21:06:08.506" level="DEBUG">POST http://127.0.0.1:4723/wd/hub/session/21de3e94-b851-4c86-a81c-3dec6fbb4cef/elements {"using": "xpath", "value": "//android.widget.Button[@content-desc='0']"}</msg>
<msg timestamp="20220614 21:06:09.120" level="DEBUG">http://127.0.0.1:4723 "POST /wd/hub/session/21de3e94-b851-4c86-a81c-3dec6fbb4cef/elements HTTP/1.1" 200 139</msg>
<msg timestamp="20220614 21:06:09.120" level="DEBUG">Finished Request</msg>
<msg timestamp="20220614 21:06:09.120" level="DEBUG">POST http://127.0.0.1:4723/wd/hub/session/21de3e94-b851-4c86-a81c-3dec6fbb4cef/element/00000000-0000-00aa-0000-011100000007/click {"id": "00000000-0000-00aa-0000-011100000007"}</msg>
<msg timestamp="20220614 21:06:09.144" level="DEBUG">http://127.0.0.1:4723 "POST /wd/hub/session/21de3e94-b851-4c86-a81c-3dec6fbb4cef/element/00000000-0000-00aa-0000-011100000007/click HTTP/1.1" 200 14</msg>
<msg timestamp="20220614 21:06:09.145" level="DEBUG">Finished Request</msg>
<msg timestamp="20220614 21:06:09.145" level="TRACE">Return: None</msg>
<status status="PASS" starttime="20220614 21:06:08.503" endtime="20220614 21:06:09.145"/>
</kw>
<kw name="Run Keyword If" library="BuiltIn">
<arg>${index} &gt; 11</arg>
<arg>Swipe</arg>
<arg>521</arg>
<arg>1149</arg>
<arg>0</arg>
<arg>-300</arg>
<doc>Runs the given keyword with the given arguments, if ``condition`` is true.</doc>
<msg timestamp="20220614 21:06:09.145" level="TRACE">Arguments: [ '2 &gt; 11' | 'Swipe' | '521' | '1149' | '0' | '-300' ]</msg>
<msg timestamp="20220614 21:06:09.145" level="TRACE">Return: None</msg>
<status status="PASS" starttime="20220614 21:06:09.145" endtime="20220614 21:06:09.145"/>
</kw>
<kw name="Click Element" library="AppiumLibrary">
<arg>${SelectedCatogory}</arg>
<doc>Click element identified by `locator`.</doc>
<msg timestamp="20220614 21:06:09.145" level="TRACE">Arguments: [ "//android.widget.ImageView[contains(@content-desc,'交通')]" ]</msg>
<msg timestamp="20220614 21:06:09.148" level="INFO">Clicking element '//android.widget.ImageView[contains(@content-desc,'交通')]'.</msg>
<msg timestamp="20220614 21:06:09.148" level="DEBUG">POST http://127.0.0.1:4723/wd/hub/session/21de3e94-b851-4c86-a81c-3dec6fbb4cef/elements {"using": "xpath", "value": "//android.widget.ImageView[contains(@content-desc,'\u4ea4\u901a')]"}</msg>
<msg timestamp="20220614 21:06:09.776" level="DEBUG">http://127.0.0.1:4723 "POST /wd/hub/session/21de3e94-b851-4c86-a81c-3dec6fbb4cef/elements HTTP/1.1" 200 139</msg>
<msg timestamp="20220614 21:06:09.776" level="DEBUG">Finished Request</msg>
<msg timestamp="20220614 21:06:09.776" level="DEBUG">POST http://127.0.0.1:4723/wd/hub/session/21de3e94-b851-4c86-a81c-3dec6fbb4cef/element/00000000-0000-00aa-0000-00d600000007/click {"id": "00000000-0000-00aa-0000-00d600000007"}</msg>
<msg timestamp="20220614 21:06:09.804" level="DEBUG">http://127.0.0.1:4723 "POST /wd/hub/session/21de3e94-b851-4c86-a81c-3dec6fbb4cef/element/00000000-0000-00aa-0000-00d600000007/click HTTP/1.1" 200 14</msg>
<msg timestamp="20220614 21:06:09.804" level="DEBUG">Finished Request</msg>
<msg timestamp="20220614 21:06:09.804" level="TRACE">Return: None</msg>
<status status="PASS" starttime="20220614 21:06:09.145" endtime="20220614 21:06:09.804"/>
</kw>
<kw name="Click Element" library="AppiumLibrary">
<arg>${EQUAL}</arg>
<doc>Click element identified by `locator`.</doc>
<msg timestamp="20220614 21:06:09.805" level="TRACE">Arguments: [ '//android.view.View[@index=6]/android.view.View/android.view.View[@index=3]/android.widget.ImageView' ]</msg>
<msg timestamp="20220614 21:06:09.808" level="INFO">Clicking element '//android.view.View[@index=6]/android.view.View/android.view.View[@index=3]/android.widget.ImageView'.</msg>
<msg timestamp="20220614 21:06:09.808" level="DEBUG">POST http://127.0.0.1:4723/wd/hub/session/21de3e94-b851-4c86-a81c-3dec6fbb4cef/elements {"using": "xpath", "value": "//android.view.View[@index=6]/android.view.View/android.view.View[@index=3]/android.widget.ImageView"}</msg>
<msg timestamp="20220614 21:06:09.897" level="DEBUG">http://127.0.0.1:4723 "POST /wd/hub/session/21de3e94-b851-4c86-a81c-3dec6fbb4cef/elements HTTP/1.1" 200 139</msg>
<msg timestamp="20220614 21:06:09.897" level="DEBUG">Finished Request</msg>
<msg timestamp="20220614 21:06:09.897" level="DEBUG">POST http://127.0.0.1:4723/wd/hub/session/21de3e94-b851-4c86-a81c-3dec6fbb4cef/element/00000000-0000-00aa-0000-00f300000007/click {"id": "00000000-0000-00aa-0000-00f300000007"}</msg>
<msg timestamp="20220614 21:06:09.937" level="DEBUG">http://127.0.0.1:4723 "POST /wd/hub/session/21de3e94-b851-4c86-a81c-3dec6fbb4cef/element/00000000-0000-00aa-0000-00f300000007/click HTTP/1.1" 200 14</msg>
<msg timestamp="20220614 21:06:09.938" level="DEBUG">Finished Request</msg>
<msg timestamp="20220614 21:06:09.938" level="TRACE">Return: None</msg>
<status status="PASS" starttime="20220614 21:06:09.805" endtime="20220614 21:06:09.938"/>
</kw>
<kw name="Click Element" library="AppiumLibrary">
<arg>${CONFIRM}</arg>
<doc>Click element identified by `locator`.</doc>
<msg timestamp="20220614 21:06:09.938" level="TRACE">Arguments: [ '//android.view.View[@index=6]/android.view.View/android.view.View[@index=3]/android.widget.ImageView' ]</msg>
<msg timestamp="20220614 21:06:09.942" level="INFO">Clicking element '//android.view.View[@index=6]/android.view.View/android.view.View[@index=3]/android.widget.ImageView'.</msg>
<msg timestamp="20220614 21:06:09.942" level="DEBUG">POST http://127.0.0.1:4723/wd/hub/session/21de3e94-b851-4c86-a81c-3dec6fbb4cef/elements {"using": "xpath", "value": "//android.view.View[@index=6]/android.view.View/android.view.View[@index=3]/android.widget.ImageView"}</msg>
<msg timestamp="20220614 21:06:10.592" level="DEBUG">http://127.0.0.1:4723 "POST /wd/hub/session/21de3e94-b851-4c86-a81c-3dec6fbb4cef/elements HTTP/1.1" 200 139</msg>
<msg timestamp="20220614 21:06:10.592" level="DEBUG">Finished Request</msg>
<msg timestamp="20220614 21:06:10.593" level="DEBUG">POST http://127.0.0.1:4723/wd/hub/session/21de3e94-b851-4c86-a81c-3dec6fbb4cef/element/00000000-0000-00aa-0000-00f300000007/click {"id": "00000000-0000-00aa-0000-00f300000007"}</msg>
<msg timestamp="20220614 21:06:10.613" level="DEBUG">http://127.0.0.1:4723 "POST /wd/hub/session/21de3e94-b851-4c86-a81c-3dec6fbb4cef/element/00000000-0000-00aa-0000-00f300000007/click HTTP/1.1" 200 14</msg>
<msg timestamp="20220614 21:06:10.613" level="DEBUG">Finished Request</msg>
<msg timestamp="20220614 21:06:10.613" level="TRACE">Return: None</msg>
<status status="PASS" starttime="20220614 21:06:09.938" endtime="20220614 21:06:10.613"/>
</kw>
<status status="PASS" starttime="20220614 21:06:04.147" endtime="20220614 21:06:10.613"/>
</iter>
<iter>
<var name="${index}">3</var>
<var name="${item}">社交</var>
<kw name="Set Variable" library="BuiltIn">
<var>${SelectedCatogory}</var>
<arg>//android.widget.ImageView[contains(@content-desc,'${item}')]</arg>
<doc>Returns the given values which can then be assigned to a variables.</doc>
<msg timestamp="20220614 21:06:10.614" level="TRACE">Arguments: [ "//android.widget.ImageView[contains(@content-desc,'社交')]" ]</msg>
<msg timestamp="20220614 21:06:10.614" level="TRACE">Return: "//android.widget.ImageView[contains(@content-desc,'社交')]"</msg>
<msg timestamp="20220614 21:06:10.614" level="INFO">${SelectedCatogory} = //android.widget.ImageView[contains(@content-desc,'社交')]</msg>
<status status="PASS" starttime="20220614 21:06:10.613" endtime="20220614 21:06:10.614"/>
</kw>
<kw name="Wait Until Element Is Visible" library="AppiumLibrary">
<arg>${EDIT-ICON}</arg>
<doc>Waits until element specified with `locator` is visible.</doc>
<msg timestamp="20220614 21:06:10.614" level="TRACE">Arguments: [ '//android.view.View[@content-desc="默認帳本"]/../following-sibling::android.widget.ImageView' ]</msg>
<msg timestamp="20220614 21:06:10.614" level="DEBUG">POST http://127.0.0.1:4723/wd/hub/session/21de3e94-b851-4c86-a81c-3dec6fbb4cef/elements {"using": "xpath", "value": "//android.view.View[@content-desc=\"\u9ed8\u8a8d\u5e33\u672c\"]/../following-sibling::android.widget.ImageView"}</msg>
<msg timestamp="20220614 21:06:12.137" level="DEBUG">http://127.0.0.1:4723 "POST /wd/hub/session/21de3e94-b851-4c86-a81c-3dec6fbb4cef/elements HTTP/1.1" 200 139</msg>
<msg timestamp="20220614 21:06:12.138" level="DEBUG">Finished Request</msg>
<msg timestamp="20220614 21:06:12.138" level="DEBUG">GET http://127.0.0.1:4723/wd/hub/session/21de3e94-b851-4c86-a81c-3dec6fbb4cef/element/00000000-0000-00aa-0000-001b00000007/displayed {"id": "00000000-0000-00aa-0000-001b00000007"}</msg>
<msg timestamp="20220614 21:06:12.159" level="DEBUG">http://127.0.0.1:4723 "GET /wd/hub/session/21de3e94-b851-4c86-a81c-3dec6fbb4cef/element/00000000-0000-00aa-0000-001b00000007/displayed HTTP/1.1" 200 14</msg>
<msg timestamp="20220614 21:06:12.160" level="DEBUG">Finished Request</msg>
<msg timestamp="20220614 21:06:12.160" level="TRACE">Return: None</msg>
<status status="PASS" starttime="20220614 21:06:10.614" endtime="20220614 21:06:12.160"/>
</kw>
<kw name="Click Element" library="AppiumLibrary">
<arg>${EDIT-ICON}</arg>
<doc>Click element identified by `locator`.</doc>
<msg timestamp="20220614 21:06:12.160" level="TRACE">Arguments: [ '//android.view.View[@content-desc="默認帳本"]/../following-sibling::android.widget.ImageView' ]</msg>
<msg timestamp="20220614 21:06:12.165" level="INFO">Clicking element '//android.view.View[@content-desc="默認帳本"]/../following-sibling::android.widget.ImageView'.</msg>
<msg timestamp="20220614 21:06:12.165" level="DEBUG">POST http://127.0.0.1:4723/wd/hub/session/21de3e94-b851-4c86-a81c-3dec6fbb4cef/elements {"using": "xpath", "value": "//android.view.View[@content-desc=\"\u9ed8\u8a8d\u5e33\u672c\"]/../following-sibling::android.widget.ImageView"}</msg>
<msg timestamp="20220614 21:06:12.207" level="DEBUG">http://127.0.0.1:4723 "POST /wd/hub/session/21de3e94-b851-4c86-a81c-3dec6fbb4cef/elements HTTP/1.1" 200 139</msg>
<msg timestamp="20220614 21:06:12.207" level="DEBUG">Finished Request</msg>
<msg timestamp="20220614 21:06:12.207" level="DEBUG">POST http://127.0.0.1:4723/wd/hub/session/21de3e94-b851-4c86-a81c-3dec6fbb4cef/element/00000000-0000-00aa-0000-001b00000007/click {"id": "00000000-0000-00aa-0000-001b00000007"}</msg>
<msg timestamp="20220614 21:06:12.230" level="DEBUG">http://127.0.0.1:4723 "POST /wd/hub/session/21de3e94-b851-4c86-a81c-3dec6fbb4cef/element/00000000-0000-00aa-0000-001b00000007/click HTTP/1.1" 200 14</msg>
<msg timestamp="20220614 21:06:12.230" level="DEBUG">Finished Request</msg>
<msg timestamp="20220614 21:06:12.230" level="TRACE">Return: None</msg>
<status status="PASS" starttime="20220614 21:06:12.160" endtime="20220614 21:06:12.230"/>
</kw>
<kw name="Wait Until Element Is Visible" library="AppiumLibrary">
<arg>${BOTTON9}</arg>
<doc>Waits until element specified with `locator` is visible.</doc>
<msg timestamp="20220614 21:06:12.230" level="TRACE">Arguments: [ "//android.widget.Button[@content-desc='9']" ]</msg>
<msg timestamp="20220614 21:06:12.231" level="DEBUG">POST http://127.0.0.1:4723/wd/hub/session/21de3e94-b851-4c86-a81c-3dec6fbb4cef/elements {"using": "xpath", "value": "//android.widget.Button[@content-desc='9']"}</msg>
<msg timestamp="20220614 21:06:13.420" level="DEBUG">http://127.0.0.1:4723 "POST /wd/hub/session/21de3e94-b851-4c86-a81c-3dec6fbb4cef/elements HTTP/1.1" 200 139</msg>
<msg timestamp="20220614 21:06:13.420" level="DEBUG">Finished Request</msg>
<msg timestamp="20220614 21:06:13.420" level="DEBUG">GET http://127.0.0.1:4723/wd/hub/session/21de3e94-b851-4c86-a81c-3dec6fbb4cef/element/00000000-0000-00aa-0000-015c00000007/displayed {"id": "00000000-0000-00aa-0000-015c00000007"}</msg>
<msg timestamp="20220614 21:06:13.438" level="DEBUG">http://127.0.0.1:4723 "GET /wd/hub/session/21de3e94-b851-4c86-a81c-3dec6fbb4cef/element/00000000-0000-00aa-0000-015c00000007/displayed HTTP/1.1" 200 14</msg>
<msg timestamp="20220614 21:06:13.438" level="DEBUG">Finished Request</msg>
<msg timestamp="20220614 21:06:13.438" level="TRACE">Return: None</msg>
<status status="PASS" starttime="20220614 21:06:12.230" endtime="20220614 21:06:13.438"/>
</kw>
<kw name="Click Element" library="AppiumLibrary">
<arg>${BOTTON9}</arg>
<doc>Click element identified by `locator`.</doc>
<msg timestamp="20220614 21:06:13.439" level="TRACE">Arguments: [ "//android.widget.Button[@content-desc='9']" ]</msg>
<msg timestamp="20220614 21:06:13.443" level="INFO">Clicking element '//android.widget.Button[@content-desc='9']'.</msg>
<msg timestamp="20220614 21:06:13.443" level="DEBUG">POST http://127.0.0.1:4723/wd/hub/session/21de3e94-b851-4c86-a81c-3dec6fbb4cef/elements {"using": "xpath", "value": "//android.widget.Button[@content-desc='9']"}</msg>
<msg timestamp="20220614 21:06:13.492" level="DEBUG">http://127.0.0.1:4723 "POST /wd/hub/session/21de3e94-b851-4c86-a81c-3dec6fbb4cef/elements HTTP/1.1" 200 139</msg>
<msg timestamp="20220614 21:06:13.493" level="DEBUG">Finished Request</msg>
<msg timestamp="20220614 21:06:13.493" level="DEBUG">POST http://127.0.0.1:4723/wd/hub/session/21de3e94-b851-4c86-a81c-3dec6fbb4cef/element/00000000-0000-00aa-0000-015c00000007/click {"id": "00000000-0000-00aa-0000-015c00000007"}</msg>
<msg timestamp="20220614 21:06:13.519" level="DEBUG">http://127.0.0.1:4723 "POST /wd/hub/session/21de3e94-b851-4c86-a81c-3dec6fbb4cef/element/00000000-0000-00aa-0000-015c00000007/click HTTP/1.1" 200 14</msg>
<msg timestamp="20220614 21:06:13.519" level="DEBUG">Finished Request</msg>
<msg timestamp="20220614 21:06:13.519" level="TRACE">Return: None</msg>
<status status="PASS" starttime="20220614 21:06:13.439" endtime="20220614 21:06:13.519"/>
</kw>
<kw name="Click Element" library="AppiumLibrary">
<arg>${ButtonMutiply}</arg>
<doc>Click element identified by `locator`.</doc>
<msg timestamp="20220614 21:06:13.520" level="TRACE">Arguments: [ "//android.widget.Button[@content-desc='x']" ]</msg>
<msg timestamp="20220614 21:06:13.524" level="INFO">Clicking element '//android.widget.Button[@content-desc='x']'.</msg>
<msg timestamp="20220614 21:06:13.524" level="DEBUG">POST http://127.0.0.1:4723/wd/hub/session/21de3e94-b851-4c86-a81c-3dec6fbb4cef/elements {"using": "xpath", "value": "//android.widget.Button[@content-desc='x']"}</msg>
<msg timestamp="20220614 21:06:14.162" level="DEBUG">http://127.0.0.1:4723 "POST /wd/hub/session/21de3e94-b851-4c86-a81c-3dec6fbb4cef/elements HTTP/1.1" 200 139</msg>
<msg timestamp="20220614 21:06:14.163" level="DEBUG">Finished Request</msg>
<msg timestamp="20220614 21:06:14.163" level="DEBUG">POST http://127.0.0.1:4723/wd/hub/session/21de3e94-b851-4c86-a81c-3dec6fbb4cef/element/00000000-0000-00aa-0000-015600000007/click {"id": "00000000-0000-00aa-0000-015600000007"}</msg>
<msg timestamp="20220614 21:06:14.184" level="DEBUG">http://127.0.0.1:4723 "POST /wd/hub/session/21de3e94-b851-4c86-a81c-3dec6fbb4cef/element/00000000-0000-00aa-0000-015600000007/click HTTP/1.1" 200 14</msg>
<msg timestamp="20220614 21:06:14.184" level="DEBUG">Finished Request</msg>
<msg timestamp="20220614 21:06:14.184" level="TRACE">Return: None</msg>
<status status="PASS" starttime="20220614 21:06:13.520" endtime="20220614 21:06:14.185"/>
</kw>
<kw name="Click Element" library="AppiumLibrary">
<arg>${BOTTON1}</arg>
<doc>Click element identified by `locator`.</doc>
<msg timestamp="20220614 21:06:14.185" level="TRACE">Arguments: [ "//android.widget.Button[@content-desc='1']" ]</msg>
<msg timestamp="20220614 21:06:14.188" level="INFO">Clicking element '//android.widget.Button[@content-desc='1']'.</msg>
<msg timestamp="20220614 21:06:14.188" level="DEBUG">POST http://127.0.0.1:4723/wd/hub/session/21de3e94-b851-4c86-a81c-3dec6fbb4cef/elements {"using": "xpath", "value": "//android.widget.Button[@content-desc='1']"}</msg>
<msg timestamp="20220614 21:06:14.786" level="DEBUG">http://127.0.0.1:4723 "POST /wd/hub/session/21de3e94-b851-4c86-a81c-3dec6fbb4cef/elements HTTP/1.1" 200 139</msg>
<msg timestamp="20220614 21:06:14.786" level="DEBUG">Finished Request</msg>
<msg timestamp="20220614 21:06:14.786" level="DEBUG">POST http://127.0.0.1:4723/wd/hub/session/21de3e94-b851-4c86-a81c-3dec6fbb4cef/element/00000000-0000-00aa-0000-016800000007/click {"id": "00000000-0000-00aa-0000-016800000007"}</msg>
<msg timestamp="20220614 21:06:14.808" level="DEBUG">http://127.0.0.1:4723 "POST /wd/hub/session/21de3e94-b851-4c86-a81c-3dec6fbb4cef/element/00000000-0000-00aa-0000-016800000007/click HTTP/1.1" 200 14</msg>
<msg timestamp="20220614 21:06:14.808" level="DEBUG">Finished Request</msg>
<msg timestamp="20220614 21:06:14.808" level="TRACE">Return: None</msg>
<status status="PASS" starttime="20220614 21:06:14.185" endtime="20220614 21:06:14.808"/>
</kw>
<kw name="Click Element" library="AppiumLibrary">
<arg>${BOTTON0}</arg>
<doc>Click element identified by `locator`.</doc>
<msg timestamp="20220614 21:06:14.808" level="TRACE">Arguments: [ "//android.widget.Button[@content-desc='0']" ]</msg>
<msg timestamp="20220614 21:06:14.811" level="INFO">Clicking element '//android.widget.Button[@content-desc='0']'.</msg>
<msg timestamp="20220614 21:06:14.811" level="DEBUG">POST http://127.0.0.1:4723/wd/hub/session/21de3e94-b851-4c86-a81c-3dec6fbb4cef/elements {"using": "xpath", "value": "//android.widget.Button[@content-desc='0']"}</msg>
<msg timestamp="20220614 21:06:15.421" level="DEBUG">http://127.0.0.1:4723 "POST /wd/hub/session/21de3e94-b851-4c86-a81c-3dec6fbb4cef/elements HTTP/1.1" 200 139</msg>
<msg timestamp="20220614 21:06:15.421" level="DEBUG">Finished Request</msg>
<msg timestamp="20220614 21:06:15.421" level="DEBUG">POST http://127.0.0.1:4723/wd/hub/session/21de3e94-b851-4c86-a81c-3dec6fbb4cef/element/00000000-0000-00aa-0000-017200000007/click {"id": "00000000-0000-00aa-0000-017200000007"}</msg>
<msg timestamp="20220614 21:06:15.451" level="DEBUG">http://127.0.0.1:4723 "POST /wd/hub/session/21de3e94-b851-4c86-a81c-3dec6fbb4cef/element/00000000-0000-00aa-0000-017200000007/click HTTP/1.1" 200 14</msg>
<msg timestamp="20220614 21:06:15.451" level="DEBUG">Finished Request</msg>
<msg timestamp="20220614 21:06:15.452" level="TRACE">Return: None</msg>
<status status="PASS" starttime="20220614 21:06:14.808" endtime="20220614 21:06:15.452"/>
</kw>
<kw name="Click Element" library="AppiumLibrary">
<arg>${BOTTON0}</arg>
<doc>Click element identified by `locator`.</doc>
<msg timestamp="20220614 21:06:15.452" level="TRACE">Arguments: [ "//android.widget.Button[@content-desc='0']" ]</msg>
<msg timestamp="20220614 21:06:15.455" level="INFO">Clicking element '//android.widget.Button[@content-desc='0']'.</msg>
<msg timestamp="20220614 21:06:15.456" level="DEBUG">POST http://127.0.0.1:4723/wd/hub/session/21de3e94-b851-4c86-a81c-3dec6fbb4cef/elements {"using": "xpath", "value": "//android.widget.Button[@content-desc='0']"}</msg>
<msg timestamp="20220614 21:06:16.050" level="DEBUG">http://127.0.0.1:4723 "POST /wd/hub/session/21de3e94-b851-4c86-a81c-3dec6fbb4cef/elements HTTP/1.1" 200 139</msg>
<msg timestamp="20220614 21:06:16.050" level="DEBUG">Finished Request</msg>
<msg timestamp="20220614 21:06:16.050" level="DEBUG">POST http://127.0.0.1:4723/wd/hub/session/21de3e94-b851-4c86-a81c-3dec6fbb4cef/element/00000000-0000-00aa-0000-017200000007/click {"id": "00000000-0000-00aa-0000-017200000007"}</msg>
<msg timestamp="20220614 21:06:16.070" level="DEBUG">http://127.0.0.1:4723 "POST /wd/hub/session/21de3e94-b851-4c86-a81c-3dec6fbb4cef/element/00000000-0000-00aa-0000-017200000007/click HTTP/1.1" 200 14</msg>
<msg timestamp="20220614 21:06:16.070" level="DEBUG">Finished Request</msg>
<msg timestamp="20220614 21:06:16.070" level="TRACE">Return: None</msg>
<status status="PASS" starttime="20220614 21:06:15.452" endtime="20220614 21:06:16.070"/>
</kw>
<kw name="Run Keyword If" library="BuiltIn">
<arg>${index} &gt; 11</arg>
<arg>Swipe</arg>
<arg>521</arg>
<arg>1149</arg>
<arg>0</arg>
<arg>-300</arg>
<doc>Runs the given keyword with the given arguments, if ``condition`` is true.</doc>
<msg timestamp="20220614 21:06:16.071" level="TRACE">Arguments: [ '3 &gt; 11' | 'Swipe' | '521' | '1149' | '0' | '-300' ]</msg>
<msg timestamp="20220614 21:06:16.071" level="TRACE">Return: None</msg>
<status status="PASS" starttime="20220614 21:06:16.070" endtime="20220614 21:06:16.071"/>
</kw>
<kw name="Click Element" library="AppiumLibrary">
<arg>${SelectedCatogory}</arg>
<doc>Click element identified by `locator`.</doc>
<msg timestamp="20220614 21:06:16.071" level="TRACE">Arguments: [ "//android.widget.ImageView[contains(@content-desc,'社交')]" ]</msg>
<msg timestamp="20220614 21:06:16.074" level="INFO">Clicking element '//android.widget.ImageView[contains(@content-desc,'社交')]'.</msg>
<msg timestamp="20220614 21:06:16.074" level="DEBUG">POST http://127.0.0.1:4723/wd/hub/session/21de3e94-b851-4c86-a81c-3dec6fbb4cef/elements {"using": "xpath", "value": "//android.widget.ImageView[contains(@content-desc,'\u793e\u4ea4')]"}</msg>
<msg timestamp="20220614 21:06:16.721" level="DEBUG">http://127.0.0.1:4723 "POST /wd/hub/session/21de3e94-b851-4c86-a81c-3dec6fbb4cef/elements HTTP/1.1" 200 139</msg>
<msg timestamp="20220614 21:06:16.721" level="DEBUG">Finished Request</msg>
<msg timestamp="20220614 21:06:16.721" level="DEBUG">POST http://127.0.0.1:4723/wd/hub/session/21de3e94-b851-4c86-a81c-3dec6fbb4cef/element/00000000-0000-00aa-0000-013900000007/click {"id": "00000000-0000-00aa-0000-013900000007"}</msg>
<msg timestamp="20220614 21:06:16.742" level="DEBUG">http://127.0.0.1:4723 "POST /wd/hub/session/21de3e94-b851-4c86-a81c-3dec6fbb4cef/element/00000000-0000-00aa-0000-013900000007/click HTTP/1.1" 200 14</msg>
<msg timestamp="20220614 21:06:16.742" level="DEBUG">Finished Request</msg>
<msg timestamp="20220614 21:06:16.742" level="TRACE">Return: None</msg>
<status status="PASS" starttime="20220614 21:06:16.071" endtime="20220614 21:06:16.742"/>
</kw>
<kw name="Click Element" library="AppiumLibrary">
<arg>${EQUAL}</arg>
<doc>Click element identified by `locator`.</doc>
[...]
<msg timestamp="20220614 21:07:32.247" level="DEBUG">GET http://127.0.0.1:4723/wd/hub/session/21de3e94-b851-4c86-a81c-3dec6fbb4cef/element/00000000-0000-00aa-0000-001b00000007/displayed {"id": "00000000-0000-00aa-0000-001b00000007"}</msg>
<msg timestamp="20220614 21:07:32.259" level="DEBUG">http://127.0.0.1:4723 "GET /wd/hub/session/21de3e94-b851-4c86-a81c-3dec6fbb4cef/element/00000000-0000-00aa-0000-001b00000007/displayed HTTP/1.1" 200 14</msg>
<msg timestamp="20220614 21:07:32.260" level="DEBUG">Finished Request</msg>
<msg timestamp="20220614 21:07:32.260" level="TRACE">Return: None</msg>
<status status="PASS" starttime="20220614 21:07:31.082" endtime="20220614 21:07:32.260"/>
</kw>
<kw name="Click Element" library="AppiumLibrary">
<arg>${EDIT-ICON}</arg>
<doc>Click element identified by `locator`.</doc>
<msg timestamp="20220614 21:07:32.260" level="TRACE">Arguments: [ '//android.view.View[@content-desc="默認帳本"]/../following-sibling::android.widget.ImageView' ]</msg>
<msg timestamp="20220614 21:07:32.263" level="INFO">Clicking element '//android.view.View[@content-desc="默認帳本"]/../following-sibling::android.widget.ImageView'.</msg>
<msg timestamp="20220614 21:07:32.263" level="DEBUG">POST http://127.0.0.1:4723/wd/hub/session/21de3e94-b851-4c86-a81c-3dec6fbb4cef/elements {"using": "xpath", "value": "//android.view.View[@content-desc=\"\u9ed8\u8a8d\u5e33\u672c\"]/../following-sibling::android.widget.ImageView"}</msg>
<msg timestamp="20220614 21:07:32.292" level="DEBUG">http://127.0.0.1:4723 "POST /wd/hub/session/21de3e94-b851-4c86-a81c-3dec6fbb4cef/elements HTTP/1.1" 200 139</msg>
<msg timestamp="20220614 21:07:32.292" level="DEBUG">Finished Request</msg>
<msg timestamp="20220614 21:07:32.292" level="DEBUG">POST http://127.0.0.1:4723/wd/hub/session/21de3e94-b851-4c86-a81c-3dec6fbb4cef/element/00000000-0000-00aa-0000-001b00000007/click {"id": "00000000-0000-00aa-0000-001b00000007"}</msg>
<msg timestamp="20220614 21:07:33.455" level="DEBUG">http://127.0.0.1:4723 "POST /wd/hub/session/21de3e94-b851-4c86-a81c-3dec6fbb4cef/element/00000000-0000-00aa-0000-001b00000007/click HTTP/1.1" 200 14</msg>
<msg timestamp="20220614 21:07:33.455" level="DEBUG">Finished Request</msg>
<msg timestamp="20220614 21:07:33.455" level="TRACE">Return: None</msg>
<status status="PASS" starttime="20220614 21:07:32.260" endtime="20220614 21:07:33.455"/>
</kw>
<kw name="Wait Until Element Is Visible" library="AppiumLibrary">
<arg>${BOTTON9}</arg>
<doc>Waits until element specified with `locator` is visible.</doc>
<msg timestamp="20220614 21:07:33.455" level="TRACE">Arguments: [ "//android.widget.Button[@content-desc='9']" ]</msg>
<msg timestamp="20220614 21:07:33.456" level="DEBUG">POST http://127.0.0.1:4723/wd/hub/session/21de3e94-b851-4c86-a81c-3dec6fbb4cef/elements {"using": "xpath", "value": "//android.widget.Button[@content-desc='9']"}</msg>
<msg timestamp="20220614 21:07:33.504" level="DEBUG">http://127.0.0.1:4723 "POST /wd/hub/session/21de3e94-b851-4c86-a81c-3dec6fbb4cef/elements HTTP/1.1" 200 139</msg>
<msg timestamp="20220614 21:07:33.504" level="DEBUG">Finished Request</msg>
<msg timestamp="20220614 21:07:33.504" level="DEBUG">GET http://127.0.0.1:4723/wd/hub/session/21de3e94-b851-4c86-a81c-3dec6fbb4cef/element/00000000-0000-00aa-0000-053b00000007/displayed {"id": "00000000-0000-00aa-0000-053b00000007"}</msg>
<msg timestamp="20220614 21:07:33.516" level="DEBUG">http://127.0.0.1:4723 "GET /wd/hub/session/21de3e94-b851-4c86-a81c-3dec6fbb4cef/element/00000000-0000-00aa-0000-053b00000007/displayed HTTP/1.1" 200 14</msg>
<msg timestamp="20220614 21:07:33.516" level="DEBUG">Finished Request</msg>
<msg timestamp="20220614 21:07:33.516" level="TRACE">Return: None</msg>
<status status="PASS" starttime="20220614 21:07:33.455" endtime="20220614 21:07:33.516"/>
</kw>
<kw name="Click Element" library="AppiumLibrary">
<arg>${BOTTON9}</arg>
<doc>Click element identified by `locator`.</doc>
<msg timestamp="20220614 21:07:33.517" level="TRACE">Arguments: [ "//android.widget.Button[@content-desc='9']" ]</msg>
<msg timestamp="20220614 21:07:33.520" level="INFO">Clicking element '//android.widget.Button[@content-desc='9']'.</msg>
<msg timestamp="20220614 21:07:33.520" level="DEBUG">POST http://127.0.0.1:4723/wd/hub/session/21de3e94-b851-4c86-a81c-3dec6fbb4cef/elements {"using": "xpath", "value": "//android.widget.Button[@content-desc='9']"}</msg>
<msg timestamp="20220614 21:07:33.554" level="DEBUG">http://127.0.0.1:4723 "POST /wd/hub/session/21de3e94-b851-4c86-a81c-3dec6fbb4cef/elements HTTP/1.1" 200 139</msg>
<msg timestamp="20220614 21:07:33.554" level="DEBUG">Finished Request</msg>
<msg timestamp="20220614 21:07:33.554" level="DEBUG">POST http://127.0.0.1:4723/wd/hub/session/21de3e94-b851-4c86-a81c-3dec6fbb4cef/element/00000000-0000-00aa-0000-053b00000007/click {"id": "00000000-0000-00aa-0000-053b00000007"}</msg>
<msg timestamp="20220614 21:07:33.583" level="DEBUG">http://127.0.0.1:4723 "POST /wd/hub/session/21de3e94-b851-4c86-a81c-3dec6fbb4cef/element/00000000-0000-00aa-0000-053b00000007/click HTTP/1.1" 200 14</msg>
<msg timestamp="20220614 21:07:33.584" level="DEBUG">Finished Request</msg>
<msg timestamp="20220614 21:07:33.584" level="TRACE">Return: None</msg>
<status status="PASS" starttime="20220614 21:07:33.517" endtime="20220614 21:07:33.584"/>
</kw>
<kw name="Click Element" library="AppiumLibrary">
<arg>${ButtonMutiply}</arg>
<doc>Click element identified by `locator`.</doc>
<msg timestamp="20220614 21:07:33.584" level="TRACE">Arguments: [ "//android.widget.Button[@content-desc='x']" ]</msg>
<msg timestamp="20220614 21:07:33.587" level="INFO">Clicking element '//android.widget.Button[@content-desc='x']'.</msg>
<msg timestamp="20220614 21:07:33.587" level="DEBUG">POST http://127.0.0.1:4723/wd/hub/session/21de3e94-b851-4c86-a81c-3dec6fbb4cef/elements {"using": "xpath", "value": "//android.widget.Button[@content-desc='x']"}</msg>
<msg timestamp="20220614 21:07:34.174" level="DEBUG">http://127.0.0.1:4723 "POST /wd/hub/session/21de3e94-b851-4c86-a81c-3dec6fbb4cef/elements HTTP/1.1" 200 139</msg>
<msg timestamp="20220614 21:07:34.174" level="DEBUG">Finished Request</msg>
<msg timestamp="20220614 21:07:34.174" level="DEBUG">POST http://127.0.0.1:4723/wd/hub/session/21de3e94-b851-4c86-a81c-3dec6fbb4cef/element/00000000-0000-00aa-0000-053500000007/click {"id": "00000000-0000-00aa-0000-053500000007"}</msg>
<msg timestamp="20220614 21:07:34.192" level="DEBUG">http://127.0.0.1:4723 "POST /wd/hub/session/21de3e94-b851-4c86-a81c-3dec6fbb4cef/element/00000000-0000-00aa-0000-053500000007/click HTTP/1.1" 200 14</msg>
<msg timestamp="20220614 21:07:34.192" level="DEBUG">Finished Request</msg>
<msg timestamp="20220614 21:07:34.192" level="TRACE">Return: None</msg>
<status status="PASS" starttime="20220614 21:07:33.584" endtime="20220614 21:07:34.192"/>
</kw>
<kw name="Click Element" library="AppiumLibrary">
<arg>${BOTTON1}</arg>
<doc>Click element identified by `locator`.</doc>
<msg timestamp="20220614 21:07:34.192" level="TRACE">Arguments: [ "//android.widget.Button[@content-desc='1']" ]</msg>
<msg timestamp="20220614 21:07:34.195" level="INFO">Clicking element '//android.widget.Button[@content-desc='1']'.</msg>
<msg timestamp="20220614 21:07:34.195" level="DEBUG">POST http://127.0.0.1:4723/wd/hub/session/21de3e94-b851-4c86-a81c-3dec6fbb4cef/elements {"using": "xpath", "value": "//android.widget.Button[@content-desc='1']"}</msg>
<msg timestamp="20220614 21:07:34.772" level="DEBUG">http://127.0.0.1:4723 "POST /wd/hub/session/21de3e94-b851-4c86-a81c-3dec6fbb4cef/elements HTTP/1.1" 200 139</msg>
<msg timestamp="20220614 21:07:34.773" level="DEBUG">Finished Request</msg>
<msg timestamp="20220614 21:07:34.773" level="DEBUG">POST http://127.0.0.1:4723/wd/hub/session/21de3e94-b851-4c86-a81c-3dec6fbb4cef/element/00000000-0000-00aa-0000-054700000007/click {"id": "00000000-0000-00aa-0000-054700000007"}</msg>
<msg timestamp="20220614 21:07:34.796" level="DEBUG">http://127.0.0.1:4723 "POST /wd/hub/session/21de3e94-b851-4c86-a81c-3dec6fbb4cef/element/00000000-0000-00aa-0000-054700000007/click HTTP/1.1" 200 14</msg>
<msg timestamp="20220614 21:07:34.796" level="DEBUG">Finished Request</msg>
<msg timestamp="20220614 21:07:34.796" level="TRACE">Return: None</msg>
<status status="PASS" starttime="20220614 21:07:34.192" endtime="20220614 21:07:34.796"/>
</kw>
<kw name="Click Element" library="AppiumLibrary">
<arg>${BOTTON0}</arg>
<doc>Click element identified by `locator`.</doc>
<msg timestamp="20220614 21:07:34.796" level="TRACE">Arguments: [ "//android.widget.Button[@content-desc='0']" ]</msg>
<msg timestamp="20220614 21:07:34.800" level="INFO">Clicking element '//android.widget.Button[@content-desc='0']'.</msg>
<msg timestamp="20220614 21:07:34.800" level="DEBUG">POST http://127.0.0.1:4723/wd/hub/session/21de3e94-b851-4c86-a81c-3dec6fbb4cef/elements {"using": "xpath", "value": "//android.widget.Button[@content-desc='0']"}</msg>
<msg timestamp="20220614 21:07:35.418" level="DEBUG">http://127.0.0.1:4723 "POST /wd/hub/session/21de3e94-b851-4c86-a81c-3dec6fbb4cef/elements HTTP/1.1" 200 139</msg>
<msg timestamp="20220614 21:07:35.418" level="DEBUG">Finished Request</msg>
<msg timestamp="20220614 21:07:35.419" level="DEBUG">POST http://127.0.0.1:4723/wd/hub/session/21de3e94-b851-4c86-a81c-3dec6fbb4cef/element/00000000-0000-00aa-0000-055100000007/click {"id": "00000000-0000-00aa-0000-055100000007"}</msg>
<msg timestamp="20220614 21:07:35.466" level="DEBUG">http://127.0.0.1:4723 "POST /wd/hub/session/21de3e94-b851-4c86-a81c-3dec6fbb4cef/element/00000000-0000-00aa-0000-055100000007/click HTTP/1.1" 200 14</msg>
<msg timestamp="20220614 21:07:35.466" level="DEBUG">Finished Request</msg>
<msg timestamp="20220614 21:07:35.466" level="TRACE">Return: None</msg>
<status status="PASS" starttime="20220614 21:07:34.796" endtime="20220614 21:07:35.466"/>
</kw>
<kw name="Click Element" library="AppiumLibrary">
<arg>${BOTTON0}</arg>
<doc>Click element identified by `locator`.</doc>
<msg timestamp="20220614 21:07:35.467" level="TRACE">Arguments: [ "//android.widget.Button[@content-desc='0']" ]</msg>
<msg timestamp="20220614 21:07:35.470" level="INFO">Clicking element '//android.widget.Button[@content-desc='0']'.</msg>
<msg timestamp="20220614 21:07:35.470" level="DEBUG">POST http://127.0.0.1:4723/wd/hub/session/21de3e94-b851-4c86-a81c-3dec6fbb4cef/elements {"using": "xpath", "value": "//android.widget.Button[@content-desc='0']"}</msg>
<msg timestamp="20220614 21:07:36.056" level="DEBUG">http://127.0.0.1:4723 "POST /wd/hub/session/21de3e94-b851-4c86-a81c-3dec6fbb4cef/elements HTTP/1.1" 200 139</msg>
<msg timestamp="20220614 21:07:36.056" level="DEBUG">Finished Request</msg>
<msg timestamp="20220614 21:07:36.057" level="DEBUG">POST http://127.0.0.1:4723/wd/hub/session/21de3e94-b851-4c86-a81c-3dec6fbb4cef/element/00000000-0000-00aa-0000-055100000007/click {"id": "00000000-0000-00aa-0000-055100000007"}</msg>
<msg timestamp="20220614 21:07:36.089" level="DEBUG">http://127.0.0.1:4723 "POST /wd/hub/session/21de3e94-b851-4c86-a81c-3dec6fbb4cef/element/00000000-0000-00aa-0000-055100000007/click HTTP/1.1" 200 14</msg>
<msg timestamp="20220614 21:07:36.089" level="DEBUG">Finished Request</msg>
<msg timestamp="20220614 21:07:36.089" level="TRACE">Return: None</msg>
<status status="PASS" starttime="20220614 21:07:35.467" endtime="20220614 21:07:36.089"/>
</kw>
<kw name="Run Keyword If" library="BuiltIn">
<arg>${index} &gt; 11</arg>
<arg>Swipe</arg>
<arg>521</arg>
<arg>1149</arg>
<arg>0</arg>
<arg>-300</arg>
<doc>Runs the given keyword with the given arguments, if ``condition`` is true.</doc>
<msg timestamp="20220614 21:07:36.090" level="TRACE">Arguments: [ '15 &gt; 11' | 'Swipe' | '521' | '1149' | '0' | '-300' ]</msg>
<kw name="Swipe" library="AppiumLibrary">
<arg>521</arg>
<arg>1149</arg>
<arg>0</arg>
<arg>-300</arg>
<doc>Swipe from one point to another point, for an optional duration.</doc>
<msg timestamp="20220614 21:07:36.090" level="TRACE">Arguments: [ '521' | '1149' | '0' | '-300' ]</msg>
<msg timestamp="20220614 21:07:36.090" level="DEBUG">POST http://127.0.0.1:4723/wd/hub/session/21de3e94-b851-4c86-a81c-3dec6fbb4cef/touch/perform {"actions": [{"action": "press", "options": {"x": 521, "y": 1149}}, {"action": "wait", "options": {"ms": 1000}}, {"action": "moveTo", "options": {"x": 0, "y": -300}}, {"action": "release", "options": {}}]}</msg>
<msg timestamp="20220614 21:07:37.158" level="DEBUG">http://127.0.0.1:4723 "POST /wd/hub/session/21de3e94-b851-4c86-a81c-3dec6fbb4cef/touch/perform HTTP/1.1" 200 14</msg>
<msg timestamp="20220614 21:07:37.158" level="DEBUG">Finished Request</msg>
<msg timestamp="20220614 21:07:37.158" level="TRACE">Return: None</msg>
<status status="PASS" starttime="20220614 21:07:36.090" endtime="20220614 21:07:37.158"/>
</kw>
<msg timestamp="20220614 21:07:37.158" level="TRACE">Return: None</msg>
<status status="PASS" starttime="20220614 21:07:36.090" endtime="20220614 21:07:37.158"/>
</kw>
<kw name="Click Element" library="AppiumLibrary">
<arg>${SelectedCatogory}</arg>
<doc>Click element identified by `locator`.</doc>
<msg timestamp="20220614 21:07:37.159" level="TRACE">Arguments: [ "//android.widget.ImageView[contains(@content-desc,'旅行')]" ]</msg>
<msg timestamp="20220614 21:07:37.162" level="INFO">Clicking element '//android.widget.ImageView[contains(@content-desc,'旅行')]'.</msg>
<msg timestamp="20220614 21:07:37.162" level="DEBUG">POST http://127.0.0.1:4723/wd/hub/session/21de3e94-b851-4c86-a81c-3dec6fbb4cef/elements {"using": "xpath", "value": "//android.widget.ImageView[contains(@content-desc,'\u65c5\u884c')]"}</msg>
<msg timestamp="20220614 21:07:37.274" level="DEBUG">http://127.0.0.1:4723 "POST /wd/hub/session/21de3e94-b851-4c86-a81c-3dec6fbb4cef/elements HTTP/1.1" 200 139</msg>
<msg timestamp="20220614 21:07:37.275" level="DEBUG">Finished Request</msg>
<msg timestamp="20220614 21:07:37.275" level="DEBUG">POST http://127.0.0.1:4723/wd/hub/session/21de3e94-b851-4c86-a81c-3dec6fbb4cef/element/00000000-0000-00aa-0000-052300000007/click {"id": "00000000-0000-00aa-0000-052300000007"}</msg>
<msg timestamp="20220614 21:07:37.304" level="DEBUG">http://127.0.0.1:4723 "POST /wd/hub/session/21de3e94-b851-4c86-a81c-3dec6fbb4cef/element/00000000-0000-00aa-0000-052300000007/click HTTP/1.1" 200 14</msg>
<msg timestamp="20220614 21:07:37.304" level="DEBUG">Finished Request</msg>
<msg timestamp="20220614 21:07:37.304" level="TRACE">Return: None</msg>
<status status="PASS" starttime="20220614 21:07:37.158" endtime="20220614 21:07:37.304"/>
</kw>
<kw name="Click Element" library="AppiumLibrary">
<arg>${EQUAL}</arg>
<doc>Click element identified by `locator`.</doc>
<msg timestamp="20220614 21:07:37.305" level="TRACE">Arguments: [ '//android.view.View[@index=6]/android.view.View/android.view.View[@index=3]/android.widget.ImageView' ]</msg>
<msg timestamp="20220614 21:07:37.307" level="INFO">Clicking element '//android.view.View[@index=6]/android.view.View/android.view.View[@index=3]/android.widget.ImageView'.</msg>
<msg timestamp="20220614 21:07:37.307" level="DEBUG">POST http://127.0.0.1:4723/wd/hub/session/21de3e94-b851-4c86-a81c-3dec6fbb4cef/elements {"using": "xpath", "value": "//android.view.View[@index=6]/android.view.View/android.view.View[@index=3]/android.widget.ImageView"}</msg>
<msg timestamp="20220614 21:07:37.392" level="DEBUG">http://127.0.0.1:4723 "POST /wd/hub/session/21de3e94-b851-4c86-a81c-3dec6fbb4cef/elements HTTP/1.1" 200 139</msg>
<msg timestamp="20220614 21:07:37.392" level="DEBUG">Finished Request</msg>
<msg timestamp="20220614 21:07:37.392" level="DEBUG">POST http://127.0.0.1:4723/wd/hub/session/21de3e94-b851-4c86-a81c-3dec6fbb4cef/element/00000000-0000-00aa-0000-053300000007/click {"id": "00000000-0000-00aa-0000-053300000007"}</msg>
<msg timestamp="20220614 21:07:37.838" level="DEBUG">http://127.0.0.1:4723 "POST /wd/hub/session/21de3e94-b851-4c86-a81c-3dec6fbb4cef/element/00000000-0000-00aa-0000-053300000007/click HTTP/1.1" 200 14</msg>
<msg timestamp="20220614 21:07:37.838" level="DEBUG">Finished Request</msg>
<msg timestamp="20220614 21:07:37.839" level="TRACE">Return: None</msg>
<status status="PASS" starttime="20220614 21:07:37.304" endtime="20220614 21:07:37.839"/>
</kw>
<kw name="Click Element" library="AppiumLibrary">
<arg>${CONFIRM}</arg>
<doc>Click element identified by `locator`.</doc>
<msg timestamp="20220614 21:07:37.839" level="TRACE">Arguments: [ '//android.view.View[@index=6]/android.view.View/android.view.View[@index=3]/android.widget.ImageView' ]</msg>
<msg timestamp="20220614 21:07:37.846" level="INFO">Clicking element '//android.view.View[@index=6]/android.view.View/android.view.View[@index=3]/android.widget.ImageView'.</msg>
<msg timestamp="20220614 21:07:37.846" level="DEBUG">POST http://127.0.0.1:4723/wd/hub/session/21de3e94-b851-4c86-a81c-3dec6fbb4cef/elements {"using": "xpath", "value": "//android.view.View[@index=6]/android.view.View/android.view.View[@index=3]/android.widget.ImageView"}</msg>
<msg timestamp="20220614 21:07:38.489" level="DEBUG">http://127.0.0.1:4723 "POST /wd/hub/session/21de3e94-b851-4c86-a81c-3dec6fbb4cef/elements HTTP/1.1" 200 139</msg>
<msg timestamp="20220614 21:07:38.490" level="DEBUG">Finished Request</msg>
<msg timestamp="20220614 21:07:38.490" level="DEBUG">POST http://127.0.0.1:4723/wd/hub/session/21de3e94-b851-4c86-a81c-3dec6fbb4cef/element/00000000-0000-00aa-0000-053300000007/click {"id": "00000000-0000-00aa-0000-053300000007"}</msg>
<msg timestamp="20220614 21:07:38.514" level="DEBUG">http://127.0.0.1:4723 "POST /wd/hub/session/21de3e94-b851-4c86-a81c-3dec6fbb4cef/element/00000000-0000-00aa-0000-053300000007/click HTTP/1.1" 200 14</msg>
<msg timestamp="20220614 21:07:38.514" level="DEBUG">Finished Request</msg>
<msg timestamp="20220614 21:07:38.514" level="TRACE">Return: None</msg>
<status status="PASS" starttime="20220614 21:07:37.839" endtime="20220614 21:07:38.514"/>
</kw>
<status status="PASS" starttime="20220614 21:07:31.081" endtime="20220614 21:07:38.514"/>
</iter>
<status status="PASS" starttime="20220614 21:05:50.578" endtime="20220614 21:07:38.514"/>
</for>
<msg timestamp="20220614 21:07:38.514" level="TRACE">Return: None</msg>
<status status="PASS" starttime="20220614 21:05:50.578" endtime="20220614 21:07:38.514"/>
</kw>
<kw name="Close Money Plus" library="Keywords" type="TEARDOWN">
<msg timestamp="20220614 21:07:38.515" level="TRACE">Arguments: [  ]</msg>
<kw name="Quit Application" library="AppiumLibrary">
<doc>Quit application. Application can be quit while Appium session is kept alive.
This keyword can be used to close application during test case or between test cases.</doc>
<msg timestamp="20220614 21:07:38.515" level="TRACE">Arguments: [  ]</msg>
<msg timestamp="20220614 21:07:38.516" level="DEBUG">POST http://127.0.0.1:4723/wd/hub/session/21de3e94-b851-4c86-a81c-3dec6fbb4cef/appium/app/close {}</msg>
<msg timestamp="20220614 21:07:39.247" level="DEBUG">http://127.0.0.1:4723 "POST /wd/hub/session/21de3e94-b851-4c86-a81c-3dec6fbb4cef/appium/app/close HTTP/1.1" 200 14</msg>
<msg timestamp="20220614 21:07:39.247" level="DEBUG">Finished Request</msg>
<msg timestamp="20220614 21:07:39.247" level="TRACE">Return: None</msg>
<status status="PASS" starttime="20220614 21:07:38.515" endtime="20220614 21:07:39.247"/>
</kw>
<msg timestamp="20220614 21:07:39.247" level="TRACE">Return: None</msg>
<status status="PASS" starttime="20220614 21:07:38.515" endtime="20220614 21:07:39.247"/>
</kw>
<tag>T2</tag>
<status status="PASS" starttime="20220614 21:05:35.396" endtime="20220614 21:07:39.248"/>
</test>
<doc>分析支出</doc>
<status status="PASS" starttime="20220614 21:05:35.134" endtime="20220614 21:07:39.249"/>
</suite>
<statistics>
<total>
<stat pass="1" fail="0" skip="0">All Tests</stat>
</total>
<tag>
<stat pass="1" fail="0" skip="0">T2</stat>
</tag>
<suite>
<stat pass="1" fail="0" skip="0" id="s1" name="MPST01-03">MPST01-03</stat>
</suite>
</statistics>
<errors>
</errors>
</robot>
